<?xml version="1.0" encoding="UTF-8"?>
<testsuite name="com.silenteight.homework.repository.NamesFromFilesRepositoryTest" tests="6" skipped="0" failures="0" errors="0" timestamp="2021-04-06T19:26:21" hostname="DESKTOP-9MEJI3E" time="0.393">
  <properties/>
  <testcase name="gettingAllFemaleNamesFromFileShouldNotBeNull()" classname="com.silenteight.homework.repository.NamesFromFilesRepositoryTest" time="0.346"/>
  <testcase name="fileWithMaleNamesShouldExist()" classname="com.silenteight.homework.repository.NamesFromFilesRepositoryTest" time="0.006"/>
  <testcase name="gettingAllMaleNamesFromFileShouldNotBeNull()" classname="com.silenteight.homework.repository.NamesFromFilesRepositoryTest" time="0.015"/>
  <testcase name="nameShouldBeFoundInFemaleNamesFile()" classname="com.silenteight.homework.repository.NamesFromFilesRepositoryTest" time="0.011"/>
  <testcase name="nameShouldBeFoundInMaleNamesFile()" classname="com.silenteight.homework.repository.NamesFromFilesRepositoryTest" time="0.005"/>
  <testcase name="fileWithFemaleNamesShouldExist()" classname="com.silenteight.homework.repository.NamesFromFilesRepositoryTest" time="0.004"/>
  <system-out><![CDATA[21:26:18.787 [Test worker] DEBUG org.springframework.test.context.BootstrapUtils - Instantiating CacheAwareContextLoaderDelegate from class [org.springframework.test.context.cache.DefaultCacheAwareContextLoaderDelegate]
21:26:18.801 [Test worker] DEBUG org.springframework.test.context.BootstrapUtils - Instantiating BootstrapContext using constructor [public org.springframework.test.context.support.DefaultBootstrapContext(java.lang.Class,org.springframework.test.context.CacheAwareContextLoaderDelegate)]
21:26:18.836 [Test worker] DEBUG org.springframework.test.context.BootstrapUtils - Instantiating TestContextBootstrapper for test class [com.silenteight.homework.repository.NamesFromFilesRepositoryTest] from class [org.springframework.boot.test.context.SpringBootTestContextBootstrapper]
21:26:18.850 [Test worker] INFO org.springframework.boot.test.context.SpringBootTestContextBootstrapper - Neither @ContextConfiguration nor @ContextHierarchy found for test class [com.silenteight.homework.repository.NamesFromFilesRepositoryTest], using SpringBootContextLoader
21:26:18.853 [Test worker] DEBUG org.springframework.test.context.support.AbstractContextLoader - Did not detect default resource location for test class [com.silenteight.homework.repository.NamesFromFilesRepositoryTest]: class path resource [com/silenteight/homework/repository/NamesFromFilesRepositoryTest-context.xml] does not exist
21:26:18.854 [Test worker] DEBUG org.springframework.test.context.support.AbstractContextLoader - Did not detect default resource location for test class [com.silenteight.homework.repository.NamesFromFilesRepositoryTest]: class path resource [com/silenteight/homework/repository/NamesFromFilesRepositoryTestContext.groovy] does not exist
21:26:18.855 [Test worker] INFO org.springframework.test.context.support.AbstractContextLoader - Could not detect default resource locations for test class [com.silenteight.homework.repository.NamesFromFilesRepositoryTest]: no resource found for suffixes {-context.xml, Context.groovy}.
21:26:18.900 [Test worker] DEBUG org.springframework.test.context.support.ActiveProfilesUtils - Could not find an 'annotation declaring class' for annotation type [org.springframework.test.context.ActiveProfiles] and class [com.silenteight.homework.repository.NamesFromFilesRepositoryTest]
21:26:19.044 [Test worker] DEBUG org.springframework.boot.test.context.SpringBootTestContextBootstrapper - @TestExecutionListeners is not present for class [com.silenteight.homework.repository.NamesFromFilesRepositoryTest]: using defaults.
21:26:19.045 [Test worker] INFO org.springframework.boot.test.context.SpringBootTestContextBootstrapper - Loaded default TestExecutionListener class names from location [META-INF/spring.factories]: [org.springframework.boot.test.autoconfigure.restdocs.RestDocsTestExecutionListener, org.springframework.boot.test.autoconfigure.web.client.MockRestServiceServerResetTestExecutionListener, org.springframework.boot.test.autoconfigure.web.servlet.MockMvcPrintOnlyOnFailureTestExecutionListener, org.springframework.boot.test.autoconfigure.web.servlet.WebDriverTestExecutionListener, org.springframework.boot.test.autoconfigure.webservices.client.MockWebServiceServerTestExecutionListener, org.springframework.boot.test.mock.mockito.MockitoTestExecutionListener, org.springframework.boot.test.mock.mockito.ResetMocksTestExecutionListener, org.springframework.test.context.web.ServletTestExecutionListener, org.springframework.test.context.support.DirtiesContextBeforeModesTestExecutionListener, org.springframework.test.context.event.ApplicationEventsTestExecutionListener, org.springframework.test.context.support.DependencyInjectionTestExecutionListener, org.springframework.test.context.support.DirtiesContextTestExecutionListener, org.springframework.test.context.transaction.TransactionalTestExecutionListener, org.springframework.test.context.jdbc.SqlScriptsTestExecutionListener, org.springframework.test.context.event.EventPublishingTestExecutionListener]
21:26:19.058 [Test worker] DEBUG org.springframework.boot.test.context.SpringBootTestContextBootstrapper - Skipping candidate TestExecutionListener [org.springframework.test.context.transaction.TransactionalTestExecutionListener] due to a missing dependency. Specify custom listener classes or make the default listener classes and their required dependencies available. Offending class: [org/springframework/transaction/interceptor/TransactionAttributeSource]
21:26:19.059 [Test worker] DEBUG org.springframework.boot.test.context.SpringBootTestContextBootstrapper - Skipping candidate TestExecutionListener [org.springframework.test.context.jdbc.SqlScriptsTestExecutionListener] due to a missing dependency. Specify custom listener classes or make the default listener classes and their required dependencies available. Offending class: [org/springframework/transaction/interceptor/TransactionAttribute]
21:26:19.059 [Test worker] INFO org.springframework.boot.test.context.SpringBootTestContextBootstrapper - Using TestExecutionListeners: [org.springframework.test.context.web.ServletTestExecutionListener@892c3fc, org.springframework.test.context.support.DirtiesContextBeforeModesTestExecutionListener@1876ab02, org.springframework.test.context.event.ApplicationEventsTestExecutionListener@9bd1d79, org.springframework.boot.test.mock.mockito.MockitoTestExecutionListener@5cf9fb81, org.springframework.boot.test.autoconfigure.SpringBootDependencyInjectionTestExecutionListener@42ea4ec1, org.springframework.test.context.support.DirtiesContextTestExecutionListener@6fe9d325, org.springframework.test.context.event.EventPublishingTestExecutionListener@e5e5d74, org.springframework.boot.test.autoconfigure.restdocs.RestDocsTestExecutionListener@1d689acd, org.springframework.boot.test.autoconfigure.web.client.MockRestServiceServerResetTestExecutionListener@de453e7, org.springframework.boot.test.autoconfigure.web.servlet.MockMvcPrintOnlyOnFailureTestExecutionListener@2cb5c985, org.springframework.boot.test.autoconfigure.web.servlet.WebDriverTestExecutionListener@507c949a, org.springframework.boot.test.autoconfigure.webservices.client.MockWebServiceServerTestExecutionListener@91bc2aa, org.springframework.boot.test.mock.mockito.ResetMocksTestExecutionListener@26cfd305]
21:26:19.065 [Test worker] DEBUG org.springframework.test.context.support.AbstractDirtiesContextTestExecutionListener - Before test class: context [DefaultTestContext@430a7b29 testClass = NamesFromFilesRepositoryTest, testInstance = [null], testMethod = [null], testException = [null], mergedContextConfiguration = [WebMergedContextConfiguration@41aacfe testClass = NamesFromFilesRepositoryTest, locations = '{}', classes = '{class com.silenteight.homework.HomeworkApplication}', contextInitializerClasses = '[]', activeProfiles = '{}', propertySourceLocations = '{}', propertySourceProperties = '{org.springframework.boot.test.context.SpringBootTestContextBootstrapper=true}', contextCustomizers = set[org.springframework.boot.test.autoconfigure.actuate.metrics.MetricsExportContextCustomizerFactory$DisableMetricExportContextCustomizer@44dac6ce, org.springframework.boot.test.autoconfigure.properties.PropertyMappingContextCustomizer@0, org.springframework.boot.test.autoconfigure.web.servlet.WebDriverContextCustomizerFactory$Customizer@3389132c, org.springframework.boot.test.context.filter.ExcludeFilterContextCustomizer@154620bd, org.springframework.boot.test.json.DuplicateJsonObjectContextCustomizerFactory$DuplicateJsonObjectContextCustomizer@62de4a67, org.springframework.boot.test.mock.mockito.MockitoContextCustomizer@0, org.springframework.boot.test.web.client.TestRestTemplateContextCustomizer@40306cc3, org.springframework.boot.test.context.SpringBootTestArgs@1, org.springframework.boot.test.context.SpringBootTestWebEnvironment@6f584d7d], resourceBasePath = 'src/main/webapp', contextLoader = 'org.springframework.boot.test.context.SpringBootContextLoader', parent = [null]], attributes = map['org.springframework.test.context.web.ServletTestExecutionListener.activateListener' -> true]], class annotated with @DirtiesContext [false] with mode [null].
21:26:19.104 [Test worker] DEBUG org.springframework.test.context.support.TestPropertySourceUtils - Adding inlined properties to environment: {spring.jmx.enabled=false, org.springframework.boot.test.context.SpringBootTestContextBootstrapper=true}

  .   ____          _            __ _ _
 /\\ / ___'_ __ _ _(_)_ __  __ _ \ \ \ \
( ( )\___ | '_ | '_| | '_ \/ _` | \ \ \ \
 \\/  ___)| |_)| | | | | || (_| |  ) ) ) )
  '  |____| .__|_| |_|_| |_\__, | / / / /
 =========|_|==============|___/=/_/_/_/
 :: Spring Boot ::                (v2.4.4)

2021-04-06 21:26:19.392  INFO 5332 --- [    Test worker] c.s.h.r.NamesFromFilesRepositoryTest     : Starting NamesFromFilesRepositoryTest using Java 11.0.5 on DESKTOP-9MEJI3E with PID 5332 (started by uniqa in C:\GIT\portfolio\silenteighthomework)
2021-04-06 21:26:19.395  INFO 5332 --- [    Test worker] c.s.h.r.NamesFromFilesRepositoryTest     : No active profile set, falling back to default profiles: default
2021-04-06 21:26:20.696  INFO 5332 --- [    Test worker] o.s.s.concurrent.ThreadPoolTaskExecutor  : Initializing ExecutorService 'applicationTaskExecutor'
2021-04-06 21:26:21.032  INFO 5332 --- [    Test worker] c.s.h.r.NamesFromFilesRepositoryTest     : Started NamesFromFilesRepositoryTest in 1.919 seconds (JVM running for 3.238)
]]></system-out>
  <system-err><![CDATA[]]></system-err>
</testsuite>
