<?xml version="1.0" encoding="UTF-8"?>
<testsuite name="com.silenteight.homework.service.NamesDisplayerServiceTest" tests="2" skipped="0" failures="0" errors="0" timestamp="2021-04-07T17:18:21" hostname="DESKTOP-9MEJI3E" time="0.016">
  <properties/>
  <testcase name="shouldReturnTrueAccToPositionOfFemaleName()" classname="com.silenteight.homework.service.NamesDisplayerServiceTest" time="0.008"/>
  <testcase name="shouldReturnTrueAccToPositionOfMaleName()" classname="com.silenteight.homework.service.NamesDisplayerServiceTest" time="0.007"/>
  <system-out><![CDATA[2021-04-07 19:18:21.840  INFO 10824 --- [    Test worker] .b.t.c.SpringBootTestContextBootstrapper : Neither @ContextConfiguration nor @ContextHierarchy found for test class [com.silenteight.homework.service.NamesDisplayerServiceTest], using SpringBootContextLoader
2021-04-07 19:18:21.840  INFO 10824 --- [    Test worker] o.s.t.c.support.AbstractContextLoader    : Could not detect default resource locations for test class [com.silenteight.homework.service.NamesDisplayerServiceTest]: no resource found for suffixes {-context.xml, Context.groovy}.
2021-04-07 19:18:21.844  INFO 10824 --- [    Test worker] .b.t.c.SpringBootTestContextBootstrapper : Loaded default TestExecutionListener class names from location [META-INF/spring.factories]: [org.springframework.boot.test.autoconfigure.restdocs.RestDocsTestExecutionListener, org.springframework.boot.test.autoconfigure.web.client.MockRestServiceServerResetTestExecutionListener, org.springframework.boot.test.autoconfigure.web.servlet.MockMvcPrintOnlyOnFailureTestExecutionListener, org.springframework.boot.test.autoconfigure.web.servlet.WebDriverTestExecutionListener, org.springframework.boot.test.autoconfigure.webservices.client.MockWebServiceServerTestExecutionListener, org.springframework.boot.test.mock.mockito.MockitoTestExecutionListener, org.springframework.boot.test.mock.mockito.ResetMocksTestExecutionListener, org.springframework.test.context.web.ServletTestExecutionListener, org.springframework.test.context.support.DirtiesContextBeforeModesTestExecutionListener, org.springframework.test.context.event.ApplicationEventsTestExecutionListener, org.springframework.test.context.support.DependencyInjectionTestExecutionListener, org.springframework.test.context.support.DirtiesContextTestExecutionListener, org.springframework.test.context.transaction.TransactionalTestExecutionListener, org.springframework.test.context.jdbc.SqlScriptsTestExecutionListener, org.springframework.test.context.event.EventPublishingTestExecutionListener]
2021-04-07 19:18:21.845  INFO 10824 --- [    Test worker] .b.t.c.SpringBootTestContextBootstrapper : Using TestExecutionListeners: [org.springframework.test.context.web.ServletTestExecutionListener@62a60c32, org.springframework.test.context.support.DirtiesContextBeforeModesTestExecutionListener@67b746b, org.springframework.test.context.event.ApplicationEventsTestExecutionListener@5540f1e0, org.springframework.boot.test.mock.mockito.MockitoTestExecutionListener@d144957, org.springframework.boot.test.autoconfigure.SpringBootDependencyInjectionTestExecutionListener@5f81035b, org.springframework.test.context.support.DirtiesContextTestExecutionListener@204ecec, org.springframework.test.context.event.EventPublishingTestExecutionListener@5099c2bd, org.springframework.boot.test.autoconfigure.restdocs.RestDocsTestExecutionListener@7fe87708, org.springframework.boot.test.autoconfigure.web.client.MockRestServiceServerResetTestExecutionListener@28a42875, org.springframework.boot.test.autoconfigure.web.servlet.MockMvcPrintOnlyOnFailureTestExecutionListener@d62c201, org.springframework.boot.test.autoconfigure.web.servlet.WebDriverTestExecutionListener@13f0753a, org.springframework.boot.test.autoconfigure.webservices.client.MockWebServiceServerTestExecutionListener@2f1c007b, org.springframework.boot.test.mock.mockito.ResetMocksTestExecutionListener@26f2626d]
2021-04-07 19:18:21.853  INFO 10824 --- [    Test worker] c.s.h.service.NamesDisplayerServiceTest  : First female name -> ANNA
2021-04-07 19:18:21.861  INFO 10824 --- [    Test worker] c.s.h.service.NamesDisplayerServiceTest  : First male name -> JAN
]]></system-out>
  <system-err><![CDATA[]]></system-err>
</testsuite>
