<?xml version="1.0" encoding="UTF-8"?>
<testsuite name="com.silenteight.homework.repository.NamesFromFilesRepository" tests="1" skipped="0" failures="0" errors="0" timestamp="2021-04-06T09:22:54" hostname="DESKTOP-9MEJI3E" time="0.328">
  <properties/>
  <testcase name="fileWithMaleNamesShouldExist()" classname="com.silenteight.homework.repository.NamesFromFilesRepository" time="0.328"/>
  <system-out><![CDATA[11:22:52.140 [Test worker] DEBUG org.springframework.test.context.BootstrapUtils - Instantiating CacheAwareContextLoaderDelegate from class [org.springframework.test.context.cache.DefaultCacheAwareContextLoaderDelegate]
11:22:52.152 [Test worker] DEBUG org.springframework.test.context.BootstrapUtils - Instantiating BootstrapContext using constructor [public org.springframework.test.context.support.DefaultBootstrapContext(java.lang.Class,org.springframework.test.context.CacheAwareContextLoaderDelegate)]
11:22:52.188 [Test worker] DEBUG org.springframework.test.context.BootstrapUtils - Instantiating TestContextBootstrapper for test class [com.silenteight.homework.repository.NamesFromFilesRepository] from class [org.springframework.boot.test.context.SpringBootTestContextBootstrapper]
11:22:52.201 [Test worker] INFO org.springframework.boot.test.context.SpringBootTestContextBootstrapper - Neither @ContextConfiguration nor @ContextHierarchy found for test class [com.silenteight.homework.repository.NamesFromFilesRepository], using SpringBootContextLoader
11:22:52.205 [Test worker] DEBUG org.springframework.test.context.support.AbstractContextLoader - Did not detect default resource location for test class [com.silenteight.homework.repository.NamesFromFilesRepository]: class path resource [com/silenteight/homework/repository/NamesFromFilesRepository-context.xml] does not exist
11:22:52.206 [Test worker] DEBUG org.springframework.test.context.support.AbstractContextLoader - Did not detect default resource location for test class [com.silenteight.homework.repository.NamesFromFilesRepository]: class path resource [com/silenteight/homework/repository/NamesFromFilesRepositoryContext.groovy] does not exist
11:22:52.206 [Test worker] INFO org.springframework.test.context.support.AbstractContextLoader - Could not detect default resource locations for test class [com.silenteight.homework.repository.NamesFromFilesRepository]: no resource found for suffixes {-context.xml, Context.groovy}.
11:22:52.254 [Test worker] DEBUG org.springframework.test.context.support.ActiveProfilesUtils - Could not find an 'annotation declaring class' for annotation type [org.springframework.test.context.ActiveProfiles] and class [com.silenteight.homework.repository.NamesFromFilesRepository]
11:22:52.386 [Test worker] DEBUG org.springframework.boot.test.context.SpringBootTestContextBootstrapper - @TestExecutionListeners is not present for class [com.silenteight.homework.repository.NamesFromFilesRepository]: using defaults.
11:22:52.387 [Test worker] INFO org.springframework.boot.test.context.SpringBootTestContextBootstrapper - Loaded default TestExecutionListener class names from location [META-INF/spring.factories]: [org.springframework.boot.test.autoconfigure.restdocs.RestDocsTestExecutionListener, org.springframework.boot.test.autoconfigure.web.client.MockRestServiceServerResetTestExecutionListener, org.springframework.boot.test.autoconfigure.web.servlet.MockMvcPrintOnlyOnFailureTestExecutionListener, org.springframework.boot.test.autoconfigure.web.servlet.WebDriverTestExecutionListener, org.springframework.boot.test.autoconfigure.webservices.client.MockWebServiceServerTestExecutionListener, org.springframework.boot.test.mock.mockito.MockitoTestExecutionListener, org.springframework.boot.test.mock.mockito.ResetMocksTestExecutionListener, org.springframework.test.context.web.ServletTestExecutionListener, org.springframework.test.context.support.DirtiesContextBeforeModesTestExecutionListener, org.springframework.test.context.event.ApplicationEventsTestExecutionListener, org.springframework.test.context.support.DependencyInjectionTestExecutionListener, org.springframework.test.context.support.DirtiesContextTestExecutionListener, org.springframework.test.context.transaction.TransactionalTestExecutionListener, org.springframework.test.context.jdbc.SqlScriptsTestExecutionListener, org.springframework.test.context.event.EventPublishingTestExecutionListener]
11:22:52.398 [Test worker] DEBUG org.springframework.boot.test.context.SpringBootTestContextBootstrapper - Skipping candidate TestExecutionListener [org.springframework.test.context.transaction.TransactionalTestExecutionListener] due to a missing dependency. Specify custom listener classes or make the default listener classes and their required dependencies available. Offending class: [org/springframework/transaction/interceptor/TransactionAttributeSource]
11:22:52.398 [Test worker] DEBUG org.springframework.boot.test.context.SpringBootTestContextBootstrapper - Skipping candidate TestExecutionListener [org.springframework.test.context.jdbc.SqlScriptsTestExecutionListener] due to a missing dependency. Specify custom listener classes or make the default listener classes and their required dependencies available. Offending class: [org/springframework/transaction/interceptor/TransactionAttribute]
11:22:52.399 [Test worker] INFO org.springframework.boot.test.context.SpringBootTestContextBootstrapper - Using TestExecutionListeners: [org.springframework.test.context.web.ServletTestExecutionListener@1ebc873e, org.springframework.test.context.support.DirtiesContextBeforeModesTestExecutionListener@3a72d938, org.springframework.test.context.event.ApplicationEventsTestExecutionListener@73b6c138, org.springframework.boot.test.mock.mockito.MockitoTestExecutionListener@fed61dd, org.springframework.boot.test.autoconfigure.SpringBootDependencyInjectionTestExecutionListener@75929269, org.springframework.test.context.support.DirtiesContextTestExecutionListener@59052efa, org.springframework.test.context.event.EventPublishingTestExecutionListener@1cff8be3, org.springframework.boot.test.autoconfigure.restdocs.RestDocsTestExecutionListener@7878f228, org.springframework.boot.test.autoconfigure.web.client.MockRestServiceServerResetTestExecutionListener@19183694, org.springframework.boot.test.autoconfigure.web.servlet.MockMvcPrintOnlyOnFailureTestExecutionListener@699aa9b3, org.springframework.boot.test.autoconfigure.web.servlet.WebDriverTestExecutionListener@95a97f0, org.springframework.boot.test.autoconfigure.webservices.client.MockWebServiceServerTestExecutionListener@368ccd41, org.springframework.boot.test.mock.mockito.ResetMocksTestExecutionListener@6e78f192]
11:22:52.403 [Test worker] DEBUG org.springframework.test.context.support.AbstractDirtiesContextTestExecutionListener - Before test class: context [DefaultTestContext@6433fdbc testClass = NamesFromFilesRepository, testInstance = [null], testMethod = [null], testException = [null], mergedContextConfiguration = [WebMergedContextConfiguration@614e2f1b testClass = NamesFromFilesRepository, locations = '{}', classes = '{class com.silenteight.homework.HomeworkApplication}', contextInitializerClasses = '[]', activeProfiles = '{}', propertySourceLocations = '{}', propertySourceProperties = '{org.springframework.boot.test.context.SpringBootTestContextBootstrapper=true}', contextCustomizers = set[org.springframework.boot.test.autoconfigure.actuate.metrics.MetricsExportContextCustomizerFactory$DisableMetricExportContextCustomizer@1a39a114, org.springframework.boot.test.autoconfigure.properties.PropertyMappingContextCustomizer@0, org.springframework.boot.test.autoconfigure.web.servlet.WebDriverContextCustomizerFactory$Customizer@428d09f6, org.springframework.boot.test.context.filter.ExcludeFilterContextCustomizer@560e6090, org.springframework.boot.test.json.DuplicateJsonObjectContextCustomizerFactory$DuplicateJsonObjectContextCustomizer@5c218028, org.springframework.boot.test.mock.mockito.MockitoContextCustomizer@0, org.springframework.boot.test.web.client.TestRestTemplateContextCustomizer@5ddb4152, org.springframework.boot.test.context.SpringBootTestArgs@1, org.springframework.boot.test.context.SpringBootTestWebEnvironment@1688b79f], resourceBasePath = 'src/main/webapp', contextLoader = 'org.springframework.boot.test.context.SpringBootContextLoader', parent = [null]], attributes = map['org.springframework.test.context.web.ServletTestExecutionListener.activateListener' -> true]], class annotated with @DirtiesContext [false] with mode [null].
11:22:52.445 [Test worker] DEBUG org.springframework.test.context.support.TestPropertySourceUtils - Adding inlined properties to environment: {spring.jmx.enabled=false, org.springframework.boot.test.context.SpringBootTestContextBootstrapper=true}

  .   ____          _            __ _ _
 /\\ / ___'_ __ _ _(_)_ __  __ _ \ \ \ \
( ( )\___ | '_ | '_| | '_ \/ _` | \ \ \ \
 \\/  ___)| |_)| | | | | || (_| |  ) ) ) )
  '  |____| .__|_| |_|_| |_\__, | / / / /
 =========|_|==============|___/=/_/_/_/
 :: Spring Boot ::                (v2.4.4)

2021-04-06 11:22:52.722  INFO 17812 --- [    Test worker] c.s.h.r.NamesFromFilesRepository         : Starting NamesFromFilesRepository using Java 11.0.5 on DESKTOP-9MEJI3E with PID 17812 (started by uniqa in C:\GIT\portfolio\silenteighthomework)
2021-04-06 11:22:52.725  INFO 17812 --- [    Test worker] c.s.h.r.NamesFromFilesRepository         : No active profile set, falling back to default profiles: default
2021-04-06 11:22:54.001  INFO 17812 --- [    Test worker] o.s.s.concurrent.ThreadPoolTaskExecutor  : Initializing ExecutorService 'applicationTaskExecutor'
2021-04-06 11:22:54.324  INFO 17812 --- [    Test worker] c.s.h.r.NamesFromFilesRepository         : Started NamesFromFilesRepository in 1.871 seconds (JVM running for 3.191)
]]></system-out>
  <system-err><![CDATA[]]></system-err>
</testsuite>
