<?xml version="1.0" encoding="UTF-8"?>
<testsuite name="com.silenteight.homework.service.GenderDetectorServiceFactoryTest" tests="1" skipped="0" failures="0" errors="0" timestamp="2021-04-06T20:03:24" hostname="DESKTOP-9MEJI3E" time="0.381">
  <properties/>
  <testcase name="shouldReturnMaleGenderByFirstNameVariantWithLowerCase()" classname="com.silenteight.homework.service.GenderDetectorServiceFactoryTest" time="0.381"/>
  <system-out><![CDATA[22:03:22.298 [Test worker] DEBUG org.springframework.test.context.BootstrapUtils - Instantiating CacheAwareContextLoaderDelegate from class [org.springframework.test.context.cache.DefaultCacheAwareContextLoaderDelegate]
22:03:22.310 [Test worker] DEBUG org.springframework.test.context.BootstrapUtils - Instantiating BootstrapContext using constructor [public org.springframework.test.context.support.DefaultBootstrapContext(java.lang.Class,org.springframework.test.context.CacheAwareContextLoaderDelegate)]
22:03:22.345 [Test worker] DEBUG org.springframework.test.context.BootstrapUtils - Instantiating TestContextBootstrapper for test class [com.silenteight.homework.service.GenderDetectorServiceFactoryTest] from class [org.springframework.boot.test.context.SpringBootTestContextBootstrapper]
22:03:22.358 [Test worker] INFO org.springframework.boot.test.context.SpringBootTestContextBootstrapper - Neither @ContextConfiguration nor @ContextHierarchy found for test class [com.silenteight.homework.service.GenderDetectorServiceFactoryTest], using SpringBootContextLoader
22:03:22.362 [Test worker] DEBUG org.springframework.test.context.support.AbstractContextLoader - Did not detect default resource location for test class [com.silenteight.homework.service.GenderDetectorServiceFactoryTest]: class path resource [com/silenteight/homework/service/GenderDetectorServiceFactoryTest-context.xml] does not exist
22:03:22.362 [Test worker] DEBUG org.springframework.test.context.support.AbstractContextLoader - Did not detect default resource location for test class [com.silenteight.homework.service.GenderDetectorServiceFactoryTest]: class path resource [com/silenteight/homework/service/GenderDetectorServiceFactoryTestContext.groovy] does not exist
22:03:22.363 [Test worker] INFO org.springframework.test.context.support.AbstractContextLoader - Could not detect default resource locations for test class [com.silenteight.homework.service.GenderDetectorServiceFactoryTest]: no resource found for suffixes {-context.xml, Context.groovy}.
22:03:22.406 [Test worker] DEBUG org.springframework.test.context.support.ActiveProfilesUtils - Could not find an 'annotation declaring class' for annotation type [org.springframework.test.context.ActiveProfiles] and class [com.silenteight.homework.service.GenderDetectorServiceFactoryTest]
22:03:22.545 [Test worker] DEBUG org.springframework.boot.test.context.SpringBootTestContextBootstrapper - @TestExecutionListeners is not present for class [com.silenteight.homework.service.GenderDetectorServiceFactoryTest]: using defaults.
22:03:22.546 [Test worker] INFO org.springframework.boot.test.context.SpringBootTestContextBootstrapper - Loaded default TestExecutionListener class names from location [META-INF/spring.factories]: [org.springframework.boot.test.autoconfigure.restdocs.RestDocsTestExecutionListener, org.springframework.boot.test.autoconfigure.web.client.MockRestServiceServerResetTestExecutionListener, org.springframework.boot.test.autoconfigure.web.servlet.MockMvcPrintOnlyOnFailureTestExecutionListener, org.springframework.boot.test.autoconfigure.web.servlet.WebDriverTestExecutionListener, org.springframework.boot.test.autoconfigure.webservices.client.MockWebServiceServerTestExecutionListener, org.springframework.boot.test.mock.mockito.MockitoTestExecutionListener, org.springframework.boot.test.mock.mockito.ResetMocksTestExecutionListener, org.springframework.test.context.web.ServletTestExecutionListener, org.springframework.test.context.support.DirtiesContextBeforeModesTestExecutionListener, org.springframework.test.context.event.ApplicationEventsTestExecutionListener, org.springframework.test.context.support.DependencyInjectionTestExecutionListener, org.springframework.test.context.support.DirtiesContextTestExecutionListener, org.springframework.test.context.transaction.TransactionalTestExecutionListener, org.springframework.test.context.jdbc.SqlScriptsTestExecutionListener, org.springframework.test.context.event.EventPublishingTestExecutionListener]
22:03:22.559 [Test worker] DEBUG org.springframework.boot.test.context.SpringBootTestContextBootstrapper - Skipping candidate TestExecutionListener [org.springframework.test.context.transaction.TransactionalTestExecutionListener] due to a missing dependency. Specify custom listener classes or make the default listener classes and their required dependencies available. Offending class: [org/springframework/transaction/interceptor/TransactionAttributeSource]
22:03:22.560 [Test worker] DEBUG org.springframework.boot.test.context.SpringBootTestContextBootstrapper - Skipping candidate TestExecutionListener [org.springframework.test.context.jdbc.SqlScriptsTestExecutionListener] due to a missing dependency. Specify custom listener classes or make the default listener classes and their required dependencies available. Offending class: [org/springframework/transaction/interceptor/TransactionAttribute]
22:03:22.560 [Test worker] INFO org.springframework.boot.test.context.SpringBootTestContextBootstrapper - Using TestExecutionListeners: [org.springframework.test.context.web.ServletTestExecutionListener@507dcd4c, org.springframework.test.context.support.DirtiesContextBeforeModesTestExecutionListener@30402f41, org.springframework.test.context.event.ApplicationEventsTestExecutionListener@699f71d7, org.springframework.boot.test.mock.mockito.MockitoTestExecutionListener@1b4cc9a5, org.springframework.boot.test.autoconfigure.SpringBootDependencyInjectionTestExecutionListener@25e5602d, org.springframework.test.context.support.DirtiesContextTestExecutionListener@146e79f7, org.springframework.test.context.event.EventPublishingTestExecutionListener@66db364, org.springframework.boot.test.autoconfigure.restdocs.RestDocsTestExecutionListener@7b9143ed, org.springframework.boot.test.autoconfigure.web.client.MockRestServiceServerResetTestExecutionListener@757ba0ba, org.springframework.boot.test.autoconfigure.web.servlet.MockMvcPrintOnlyOnFailureTestExecutionListener@123dce23, org.springframework.boot.test.autoconfigure.web.servlet.WebDriverTestExecutionListener@7920b993, org.springframework.boot.test.autoconfigure.webservices.client.MockWebServiceServerTestExecutionListener@85f1371, org.springframework.boot.test.mock.mockito.ResetMocksTestExecutionListener@20890cb0]
22:03:22.565 [Test worker] DEBUG org.springframework.test.context.support.AbstractDirtiesContextTestExecutionListener - Before test class: context [DefaultTestContext@7886fc84 testClass = GenderDetectorServiceFactoryTest, testInstance = [null], testMethod = [null], testException = [null], mergedContextConfiguration = [WebMergedContextConfiguration@61a21ba3 testClass = GenderDetectorServiceFactoryTest, locations = '{}', classes = '{class com.silenteight.homework.HomeworkApplication}', contextInitializerClasses = '[]', activeProfiles = '{}', propertySourceLocations = '{}', propertySourceProperties = '{org.springframework.boot.test.context.SpringBootTestContextBootstrapper=true}', contextCustomizers = set[org.springframework.boot.test.autoconfigure.actuate.metrics.MetricsExportContextCustomizerFactory$DisableMetricExportContextCustomizer@7ec0b106, org.springframework.boot.test.autoconfigure.properties.PropertyMappingContextCustomizer@0, org.springframework.boot.test.autoconfigure.web.servlet.WebDriverContextCustomizerFactory$Customizer@640998de, org.springframework.boot.test.context.filter.ExcludeFilterContextCustomizer@124247d9, org.springframework.boot.test.json.DuplicateJsonObjectContextCustomizerFactory$DuplicateJsonObjectContextCustomizer@2b3ac45c, org.springframework.boot.test.mock.mockito.MockitoContextCustomizer@0, org.springframework.boot.test.web.client.TestRestTemplateContextCustomizer@1358097f, org.springframework.boot.test.context.SpringBootTestArgs@1, org.springframework.boot.test.context.SpringBootTestWebEnvironment@6b16d08], resourceBasePath = 'src/main/webapp', contextLoader = 'org.springframework.boot.test.context.SpringBootContextLoader', parent = [null]], attributes = map['org.springframework.test.context.web.ServletTestExecutionListener.activateListener' -> true]], class annotated with @DirtiesContext [false] with mode [null].
22:03:22.608 [Test worker] DEBUG org.springframework.test.context.support.TestPropertySourceUtils - Adding inlined properties to environment: {spring.jmx.enabled=false, org.springframework.boot.test.context.SpringBootTestContextBootstrapper=true}

  .   ____          _            __ _ _
 /\\ / ___'_ __ _ _(_)_ __  __ _ \ \ \ \
( ( )\___ | '_ | '_| | '_ \/ _` | \ \ \ \
 \\/  ___)| |_)| | | | | || (_| |  ) ) ) )
  '  |____| .__|_| |_|_| |_\__, | / / / /
 =========|_|==============|___/=/_/_/_/
 :: Spring Boot ::                (v2.4.4)

2021-04-06 22:03:22.886  INFO 2572 --- [    Test worker] c.s.h.s.GenderDetectorServiceFactoryTest : Starting GenderDetectorServiceFactoryTest using Java 11.0.5 on DESKTOP-9MEJI3E with PID 2572 (started by uniqa in C:\GIT\portfolio\silenteighthomework)
2021-04-06 22:03:22.889  INFO 2572 --- [    Test worker] c.s.h.s.GenderDetectorServiceFactoryTest : No active profile set, falling back to default profiles: default
2021-04-06 22:03:24.163  INFO 2572 --- [    Test worker] o.s.s.concurrent.ThreadPoolTaskExecutor  : Initializing ExecutorService 'applicationTaskExecutor'
2021-04-06 22:03:24.486  INFO 2572 --- [    Test worker] c.s.h.s.GenderDetectorServiceFactoryTest : Started GenderDetectorServiceFactoryTest in 1.87 seconds (JVM running for 3.22)
2021-04-06 22:03:24.869  INFO 2572 --- [    Test worker] c.s.h.s.AllNamesGenderDetectorService    : Value of genderEvaluator -> -1
2021-04-06 22:03:24.871  INFO 2572 --- [    Test worker] c.s.h.s.AllNamesGenderDetectorService    : Checking by -> AllNamesGenderDetectorService, names to check -> marian jan anna
]]></system-out>
  <system-err><![CDATA[]]></system-err>
</testsuite>
