<?xml version="1.0" encoding="UTF-8"?>
<testsuite name="com.silenteight.homework.repository.NamesFromFilesRepositoryTest" tests="1" skipped="0" failures="0" errors="0" timestamp="2021-04-06T19:29:56" hostname="DESKTOP-9MEJI3E" time="0.397">
  <properties/>
  <testcase name="gettingAllFemaleNamesFromFileShouldNotBeNull()" classname="com.silenteight.homework.repository.NamesFromFilesRepositoryTest" time="0.397"/>
  <system-out><![CDATA[21:29:53.652 [Test worker] DEBUG org.springframework.test.context.BootstrapUtils - Instantiating CacheAwareContextLoaderDelegate from class [org.springframework.test.context.cache.DefaultCacheAwareContextLoaderDelegate]
21:29:53.665 [Test worker] DEBUG org.springframework.test.context.BootstrapUtils - Instantiating BootstrapContext using constructor [public org.springframework.test.context.support.DefaultBootstrapContext(java.lang.Class,org.springframework.test.context.CacheAwareContextLoaderDelegate)]
21:29:53.710 [Test worker] DEBUG org.springframework.test.context.BootstrapUtils - Instantiating TestContextBootstrapper for test class [com.silenteight.homework.repository.NamesFromFilesRepositoryTest] from class [org.springframework.boot.test.context.SpringBootTestContextBootstrapper]
21:29:53.724 [Test worker] INFO org.springframework.boot.test.context.SpringBootTestContextBootstrapper - Neither @ContextConfiguration nor @ContextHierarchy found for test class [com.silenteight.homework.repository.NamesFromFilesRepositoryTest], using SpringBootContextLoader
21:29:53.727 [Test worker] DEBUG org.springframework.test.context.support.AbstractContextLoader - Did not detect default resource location for test class [com.silenteight.homework.repository.NamesFromFilesRepositoryTest]: class path resource [com/silenteight/homework/repository/NamesFromFilesRepositoryTest-context.xml] does not exist
21:29:53.728 [Test worker] DEBUG org.springframework.test.context.support.AbstractContextLoader - Did not detect default resource location for test class [com.silenteight.homework.repository.NamesFromFilesRepositoryTest]: class path resource [com/silenteight/homework/repository/NamesFromFilesRepositoryTestContext.groovy] does not exist
21:29:53.728 [Test worker] INFO org.springframework.test.context.support.AbstractContextLoader - Could not detect default resource locations for test class [com.silenteight.homework.repository.NamesFromFilesRepositoryTest]: no resource found for suffixes {-context.xml, Context.groovy}.
21:29:53.771 [Test worker] DEBUG org.springframework.test.context.support.ActiveProfilesUtils - Could not find an 'annotation declaring class' for annotation type [org.springframework.test.context.ActiveProfiles] and class [com.silenteight.homework.repository.NamesFromFilesRepositoryTest]
21:29:53.904 [Test worker] DEBUG org.springframework.boot.test.context.SpringBootTestContextBootstrapper - @TestExecutionListeners is not present for class [com.silenteight.homework.repository.NamesFromFilesRepositoryTest]: using defaults.
21:29:53.904 [Test worker] INFO org.springframework.boot.test.context.SpringBootTestContextBootstrapper - Loaded default TestExecutionListener class names from location [META-INF/spring.factories]: [org.springframework.boot.test.autoconfigure.restdocs.RestDocsTestExecutionListener, org.springframework.boot.test.autoconfigure.web.client.MockRestServiceServerResetTestExecutionListener, org.springframework.boot.test.autoconfigure.web.servlet.MockMvcPrintOnlyOnFailureTestExecutionListener, org.springframework.boot.test.autoconfigure.web.servlet.WebDriverTestExecutionListener, org.springframework.boot.test.autoconfigure.webservices.client.MockWebServiceServerTestExecutionListener, org.springframework.boot.test.mock.mockito.MockitoTestExecutionListener, org.springframework.boot.test.mock.mockito.ResetMocksTestExecutionListener, org.springframework.test.context.web.ServletTestExecutionListener, org.springframework.test.context.support.DirtiesContextBeforeModesTestExecutionListener, org.springframework.test.context.event.ApplicationEventsTestExecutionListener, org.springframework.test.context.support.DependencyInjectionTestExecutionListener, org.springframework.test.context.support.DirtiesContextTestExecutionListener, org.springframework.test.context.transaction.TransactionalTestExecutionListener, org.springframework.test.context.jdbc.SqlScriptsTestExecutionListener, org.springframework.test.context.event.EventPublishingTestExecutionListener]
21:29:53.918 [Test worker] DEBUG org.springframework.boot.test.context.SpringBootTestContextBootstrapper - Skipping candidate TestExecutionListener [org.springframework.test.context.transaction.TransactionalTestExecutionListener] due to a missing dependency. Specify custom listener classes or make the default listener classes and their required dependencies available. Offending class: [org/springframework/transaction/interceptor/TransactionAttributeSource]
21:29:53.918 [Test worker] DEBUG org.springframework.boot.test.context.SpringBootTestContextBootstrapper - Skipping candidate TestExecutionListener [org.springframework.test.context.jdbc.SqlScriptsTestExecutionListener] due to a missing dependency. Specify custom listener classes or make the default listener classes and their required dependencies available. Offending class: [org/springframework/transaction/interceptor/TransactionAttribute]
21:29:53.919 [Test worker] INFO org.springframework.boot.test.context.SpringBootTestContextBootstrapper - Using TestExecutionListeners: [org.springframework.test.context.web.ServletTestExecutionListener@66687181, org.springframework.test.context.support.DirtiesContextBeforeModesTestExecutionListener@3f50e0a5, org.springframework.test.context.event.ApplicationEventsTestExecutionListener@5557c3c3, org.springframework.boot.test.mock.mockito.MockitoTestExecutionListener@760e5949, org.springframework.boot.test.autoconfigure.SpringBootDependencyInjectionTestExecutionListener@53cfca70, org.springframework.test.context.support.DirtiesContextTestExecutionListener@6ba25d64, org.springframework.test.context.event.EventPublishingTestExecutionListener@c208, org.springframework.boot.test.autoconfigure.restdocs.RestDocsTestExecutionListener@4c00750, org.springframework.boot.test.autoconfigure.web.client.MockRestServiceServerResetTestExecutionListener@2971c1f2, org.springframework.boot.test.autoconfigure.web.servlet.MockMvcPrintOnlyOnFailureTestExecutionListener@5041e0c5, org.springframework.boot.test.autoconfigure.web.servlet.WebDriverTestExecutionListener@56d76847, org.springframework.boot.test.autoconfigure.webservices.client.MockWebServiceServerTestExecutionListener@52a91f4a, org.springframework.boot.test.mock.mockito.ResetMocksTestExecutionListener@75f02abc]
21:29:53.923 [Test worker] DEBUG org.springframework.test.context.support.AbstractDirtiesContextTestExecutionListener - Before test class: context [DefaultTestContext@65d98910 testClass = NamesFromFilesRepositoryTest, testInstance = [null], testMethod = [null], testException = [null], mergedContextConfiguration = [WebMergedContextConfiguration@4c6e77c9 testClass = NamesFromFilesRepositoryTest, locations = '{}', classes = '{class com.silenteight.homework.HomeworkApplication}', contextInitializerClasses = '[]', activeProfiles = '{}', propertySourceLocations = '{}', propertySourceProperties = '{org.springframework.boot.test.context.SpringBootTestContextBootstrapper=true}', contextCustomizers = set[org.springframework.boot.test.autoconfigure.actuate.metrics.MetricsExportContextCustomizerFactory$DisableMetricExportContextCustomizer@76e2202b, org.springframework.boot.test.autoconfigure.properties.PropertyMappingContextCustomizer@0, org.springframework.boot.test.autoconfigure.web.servlet.WebDriverContextCustomizerFactory$Customizer@49803d89, org.springframework.boot.test.context.filter.ExcludeFilterContextCustomizer@605455f0, org.springframework.boot.test.json.DuplicateJsonObjectContextCustomizerFactory$DuplicateJsonObjectContextCustomizer@70794dd2, org.springframework.boot.test.mock.mockito.MockitoContextCustomizer@0, org.springframework.boot.test.web.client.TestRestTemplateContextCustomizer@65c6ef74, org.springframework.boot.test.context.SpringBootTestArgs@1, org.springframework.boot.test.context.SpringBootTestWebEnvironment@508f45b6], resourceBasePath = 'src/main/webapp', contextLoader = 'org.springframework.boot.test.context.SpringBootContextLoader', parent = [null]], attributes = map['org.springframework.test.context.web.ServletTestExecutionListener.activateListener' -> true]], class annotated with @DirtiesContext [false] with mode [null].
21:29:53.979 [Test worker] DEBUG org.springframework.test.context.support.TestPropertySourceUtils - Adding inlined properties to environment: {spring.jmx.enabled=false, org.springframework.boot.test.context.SpringBootTestContextBootstrapper=true}

  .   ____          _            __ _ _
 /\\ / ___'_ __ _ _(_)_ __  __ _ \ \ \ \
( ( )\___ | '_ | '_| | '_ \/ _` | \ \ \ \
 \\/  ___)| |_)| | | | | || (_| |  ) ) ) )
  '  |____| .__|_| |_|_| |_\__, | / / / /
 =========|_|==============|___/=/_/_/_/
 :: Spring Boot ::                (v2.4.4)

2021-04-06 21:29:54.252  INFO 7224 --- [    Test worker] c.s.h.r.NamesFromFilesRepositoryTest     : Starting NamesFromFilesRepositoryTest using Java 11.0.5 on DESKTOP-9MEJI3E with PID 7224 (started by uniqa in C:\GIT\portfolio\silenteighthomework)
2021-04-06 21:29:54.256  INFO 7224 --- [    Test worker] c.s.h.r.NamesFromFilesRepositoryTest     : No active profile set, falling back to default profiles: default
2021-04-06 21:29:55.687  INFO 7224 --- [    Test worker] o.s.s.concurrent.ThreadPoolTaskExecutor  : Initializing ExecutorService 'applicationTaskExecutor'
2021-04-06 21:29:56.021  INFO 7224 --- [    Test worker] c.s.h.r.NamesFromFilesRepositoryTest     : Started NamesFromFilesRepositoryTest in 2.035 seconds (JVM running for 3.417)
JAN
STANISŁAW
PIOTR
ANDRZEJ
KRZYSZTOF
JÓZEF
TOMASZ
PAWEŁ
MICHAŁ
ADAM
TADEUSZ
MARCIN
MAREK
JERZY
GRZEGORZ
JAKUB
HENRYK
ZBIGNIEW
ŁUKASZ
KAZIMIERZ
WOJCIECH
MATEUSZ
RYSZARD
MARIAN
DARIUSZ
WŁADYSŁAW
MARIUSZ
FRANCISZEK
ANTONI
ROBERT
MACIEJ
RAFAŁ
JACEK
JANUSZ
KAMIL
ROMAN
DAWID
MIROSŁAW
SZYMON
EDWARD
MIECZYSŁAW
KACPER
SŁAWOMIR
JAROSŁAW
WIESŁAW
CZESŁAW
BARTOSZ
ZDZISŁAW
STEFAN
ARTUR
KAROL
ALEKSANDER
SEBASTIAN
DAMIAN
PATRYK
DANIEL
PRZEMYSŁAW
EUGENIUSZ
ZYGMUNT
FILIP
LESZEK
ADRIAN
WALDEMAR
ARKADIUSZ
BOGDAN
MIKOŁAJ
DOMINIK
WIKTOR
BARTŁOMIEJ
KRYSTIAN
RADOSŁAW
KONRAD
BRONISŁAW
HUBERT
WACŁAW
BOLESŁAW
ZENON
BOGUSŁAW
WŁODZIMIERZ
WITOLD
LEON
IGOR
IRENEUSZ
OSKAR
SYLWESTER
MAKSYMILIAN
MARCEL
JULIAN
MIŁOSZ
EDMUND
IGNACY
OLEKSANDR
OLIWIER
NIKODEM
CEZARY
ALAN
NORBERT
FELIKS
LUDWIK
GABRIEL
LECH
EMIL
BERNARD
LUCJAN
SERHII
BŁAŻEJ
ERYK
FABIAN
ANDRII
TYMOTEUSZ
VOLODYMYR
ALOJZY
ALFRED
TYMON
ROMUALD
SZCZEPAN
WINCENTY
DMYTRO
IVAN
REMIGIUSZ
KSAWERY
MYKOLA
GERARD
NATAN
VITALII
IHOR
VASYL
TEODOR
LEONARD
BORYS
OLAF
BOGUMIŁ
YURII
KAJETAN
SEWERYN
MAKSYM
ALBERT
JOACHIM
OLEH
LESŁAW
BOHDAN
KONSTANTY
ADOLF
ALFONS
WALENTY
KUBA
VIKTOR
GRACJAN
MYKHAILO
RUDOLF
ERNEST
TOBIASZ
BENEDYKT
HIERONIM
BRUNO
FLORIAN
KORNEL
JULIUSZ
VLADYSLAV
OLIVIER
OLEKSII
ZYGFRYD
RAJMUND
AUGUSTYN
JĘDRZEJ
ALEXANDER
RUSLAN
TEOFIL
LEOPOLD
ALEX
ALBIN
GUSTAW
BRUNON
ALEKSY
DAVID
KLAUDIUSZ
PAVLO
WILHELM
FRYDERYK
DENYS
ERWIN
ANATOLII
ARTEM
VADYM
ALEKS
DORIAN
MARCELI
WALERIAN
YAROSLAV
CYPRIAN
PETRO
OLIVER
MARTIN
NATANIEL
YEVHEN
HERBERT
KLEMENS
DENIS
MICHAEL
VALERII
SERGIUSZ
ALIAKSANDR
BRAJAN
ANTON
YEVHENII
SAMUEL
TARAS
MIESZKO
ANDREI
MILAN
WALTER
FERDYNAND
KEVIN
GINTER
WAWRZYNIEC
HELMUT
IWO
EMILIAN
ANATOL
ARIEL
OLEG
BENIAMIN
VIACHESLAV
IZYDOR
BAZYLI
ROLAND
STANISLAV
EDWIN
KORDIAN
OLGIERD
LONGIN
JEREMI
SIARHEI
KOSTIANTYN
EMANUEL
WERNER
SERGII
ARNOLD
AMADEUSZ
PATRICK
MAXIMILIAN
LECHOSŁAW
DZMITRY
STEPAN
MANFRED
THOMAS
VALENTYN
KEWIN
VICTOR
DIONIZY
OSCAR
EWALD
ŁUCJAN
MAURYCY
NICOLAS
NAZAR
OLIWER
HORST
ILLIA
BONIFACY
ANDRIY
GERHARD
EDUARD
PETER
LEONID
OKTAWIAN
PAVEL
LEO
HERONIM
MARK
KORNELIUSZ
JEREMIASZ
MIRON
ROCH
KRYSPIN
KASPER
JACENTY
TYTUS
ELIGIUSZ
JONASZ
ZIEMOWIT
CHRISTIAN
DYMITR
NATHAN
BENJAMIN
JONATAN
ELIASZ
HIPOLIT
XAVIER
WIT
IURII
JACOB
PAUL
NIKOLAS
HUGO
ROSTYSLAV
MAX
YURIY
ALIAKSEI
ZBYSŁAW
APOLINARY
ARON
PATRYCJUSZ
AUGUST
VITALI
YURY
ULADZIMIR
KSAWIER
DANYLO
MAKSIM
MATTHEW
MAKS
MYKYTA
ANDREAS
BENON
PHILIP
HENNADII
NAZARII
YAUHENI
GIORGI
HILARY
EUZEBIUSZ
CHRISTOPHER
KYRYLO
ZENOBIUSZ
JOHN
IDZI
ANTHONY
MYKHAYLO
MIKHAIL
MARCO
CYRYL
VIKTAR
ION
IHAR
KURT
HERMAN
ALEH
RAFAEL
KASJAN
SIMON
JAROMIR
ZBYSZEK
MOHAMED
HRYHORII
ALI
VLADIMIR
BRIAN
VITALIY
REINHOLD
KLAUS
VINCENT
SERHIY
DONAT
JONATHAN
RICHARD
NICHOLAS
NIKITA
OREST
RADOMIR
MIKALAI
KOSMA
ANTONIO
YEHOR
ENGELBERT
WOLFGANG
LUBOMIR
BAZYL
NARCYZ
DANIIL
WILLIAM
ROGER
ZBYSZKO
MYROSLAV
WALERY
RAJNOLD
DENNIS
ULADZISLAU
TELESFOR
WITALIS
ALEKSANDR
DIETER
LUKAS
MARKUS
VALERY
LUCAS
LEONARDO
RUFIN
ERIC
DZIANIS
SVIATOSLAV
JORDAN
JAMES
JANUARY
LUDOMIR
FELICJAN
ANDREW
AARON
FRANK
SERGHEI
ANATOLI
MARIO
OTTO
BOGUSZ
LIUBOMYR
DYONIZY
PASCAL
DIEGO
DOMINIC
ERIK
AHMED
SERGIY
OSWALD
ARTHUR
KRYSTYN
BRAYAN
MIHAIL
ALEXANDR
HANS
JOSEPH
VADZIM
RAMAN
ANASTAZY
WASYL
CARLOS
FRANCESCO
MARKO
ALLAN
EDGAR
JUSTYN
EWARYST
JUAN
AURELIUSZ
LUCA
MATTEO
BRYAN
MAXIM
DAVYD
SERAFIN
ALESSANDRO
APOLONIUSZ
ALEXANDRU
IVO
NATHANIEL
HEINZ
GWIDON
JOSE
YAN
ALEXANDRE
MANUEL
AMIR
FEDIR
JUREK
ZACHARIASZ
MEHMET
ARTSIOM
LIAM
LUIS
AMBROŻY
JOSHUA
OMAR
ILYA
JAKOB
GNIEWOMIR
CELESTYN
ANATOLIY
RYAN
EUSTACHY
VASILE
ROBERTO
MAXYMILIAN
OTTON
NICOLAE
POLIKARP
IEVGEN
KARIM
COLIN
IAN
CHRYSTIAN
REINHARD
MEDARD
ARMIN
FELIX
DAMAZY
WIACZESŁAW
MUSTAFA
JUSTIN
HARALD
NOAH
JOSEF
MOHAMMAD
ARSEN
MATTHIAS
ANDREA
GEORG
MUHAMMAD
GEORGE
PHILIPP
KAI
IAROSLAV
TYMOFII
CEZARIUSZ
VADIM
HENRY
DAVIT
RICARDO
RONALD
CRISTIAN
GOTFRYD
VASILI
TRISTAN
VLADISLAV
DITER
GIUSEPPE
KARL
KIRYL
SATURNIN
ANGELO
BARTEK
HEORHII
MOHAMMED
PABLO
SERGIU
WIEŃCZYSŁAW
IWAN
MIKITA
MATVII
VIACHASLAU
TYMUR
MICHAL
GHEORGHE
SYLWERIUSZ
ZACHARY
DUMITRU
JURAND
RAJNARD
KRISTIAN
SERGEY
IBRAHIM
JORGE
MICHEL
TOM
GIOVANNI
TOBIAS
AXEL
DYLAN
ALEJANDRO
ALBERTO
RUBEN
SAMIR
JOEL
ERICH
MIGUEL
BORIS
SERGIO
KASPIAN
CHRISTOPH
CASPER
MODEST
FABIO
VALERIY
WAWRZYN
STEVEN
CONSTANTIN
MARCUS
JEAN
HELIODOR
MARC
GUY
JOHANNES
JANISŁAW
FERNANDO
SERGEI
PATRIK
DAVIDE
DMITRII
WINICJUSZ
TYCJAN
MAKARY
DAN
EDUARDO
GÜNTER
OLEKSIY
WILLI
ERHARD
PEDRO
MIKE
TOMAS
STANISLAU
HENADZI
IRAKLI
VALENTIN
RADZISŁAW
HARRY
CHARLES
OSTAP
FRANCISCO
TIMOTHY
MYRON
RUSTAM
NICO
ETHAN
GNIEWKO
OKTAWIUSZ
LOUIS
TIMUR
FEDERICO
KRZESIMIR
RAYAN
JASON
AHMET
ANDREY
MICHELE
PHILIPPE
JURIJ
EGON
EMMANUEL
STEPHEN
SAMBOR
SŁAWEK
JACK
KONSTANTIN
ONUFRY
PAOLO
WITOSŁAW
AMIT
JAVIER
BASTIAN
ERAZM
LORENZO
ISMAIL
WITALIJ
SANTIAGO
WADIM
ROBIN
KANSTANTSIN
XAWERY
ILIA
TYBERIUSZ
MARTYN
ANATOLIUSZ
ARMAND
LOTAR
DMITRY
NICOLAI
ZAKHAR
NAPOLEON
PHILLIP
SYLWIUSZ
ARMEN
PETR
HASAN
NOEL
DOBROSŁAW
SEAN
VITALIE
DOBIESŁAW
OMER
JOHANN
BRANDON
CLAUDIO
RAJNHOLD
VEACESLAV
AHMAD
WENANCJUSZ
WENDELIN
NORMAN
ALEKSEI
GEORGIOS
SVEN
WILIBALD
IEVGENII
BEN
FRANEK
GREGORY
MARCELO
MIROSLAV
GABRYEL
LUKA
PETRU
ELIAS
HLIB
SIMONE
FRANZ
JÜRGEN
LARS
LEVAN
SEMEN
DOBROMIR
PIERRE
YAHOR
MURAT
MAXIME
NIKO
NESTOR
ANDRÉ
DANYIL
URBAN
MAMUKA
JÓZEFAT
DENIZ
LEV
MELCHIOR
ALEXEY
GILBERT
OLEKSANDER
LASHA
ZURAB
MARIUS
RAPHAEL
ALEXEI
EUSTACHIUSZ
JOSÉ
ABDUL
ANZELM
ARIAN
DMITRI
NIKOLAY
STEFANO
MATHIAS
ROY
RENE
JEREMY
SŁAWOJ
YAUHEN
ANDRE
ALON
JAREMA
RODION
ZAZA
BERNHARD
DASTIN
CONRAD
LEW
WINCENT
JONAS
PAULIN
IURIE
YUVAL
LUCJUSZ
GABRIELE
BERTOLD
RICCARDO
SAMI
ANTOINE
FAUSTYN
HUGON
SOBIESŁAW
GERWAZY
NATANAEL
TOMER
SIERGIEJ
DMYTRII
RALF
TIM
BALTAZAR
HEINRICH
ROŚCISŁAW
IDO
ABRAHAM
THEO
VALERIU
DANIELE
DARIO
EMRE
MAKAR
RAINER
BOŻYDAR
EYAL
KAREN
RAUL
ALEKSANDAR
GENNADII
GREGOR
BERND
JENS
GAWEŁ
CHRISTOS
GOCHA
NIKOLAI
ERNST
SYLWIN
MAHMOUD
RADEK
TAL
ALEK
GEORGI
JANUARIUSZ
MOSHE
LEANID
MAGOMED
NIKOLA
VYACHESLAV
KAJ
KIRILL
MIŁOSŁAW
VALIANTSIN
OLEK
LUIGI
ANATOLIE
GNIEWOSZ
CHRISTOPHE
TOMÁŠ
UWE
VAN
NIKOLAOS
TEO
MATEO
ULRICH
MOHAMAD
PAULO
GUSTAVO
BRAIAN
STANISLAW
DIMITRIOS
ABDULLAH
LOTHAR
YUSUF
ARSENII
NICOLA
NOAM
JOZEF
SALVATORE
ANTONY
ARKADII
DEZYDERIUSZ
YOAV
ANDRES
ARMAN
DEMIAN
KALIKST
ALEKSANDRE
PIETRO
OTON
PASKAL
YEVGEN
RODRIGO
FELIPE
LUKE
MARCJAN
RENARD
KIRIL
ENRICO
ITAY
MASSIMO
FRANCIS
JULIEN
MARIN
NIKOS
ISRAEL
JO?O
MATHIEU
ANDREJ
DONALD
DIRK
GORAN
ZEFIRYN
DARIUS
EUGEN
HASSAN
KONSTANTINOS
SANDRO
KONSTANTYN
STANLEY
MARCOS
CARLO
DAMIR
VIOREL
ANGEL
CEZAR
GERD
MATIAS
VINCENZO
ORI
DIETMAR
SIEGFRIED
EMIR
GUIDO
WŁODZISŁAW
BARNABA
JANIS
WIELISŁAW
RAMI
RON
VASIL
ISLAM
ARSENIUSZ
DMITRIJ
WOJTEK
MAIK
ZBISŁAW
ZINOVII
BURAK
EVGENII
JAROSLAV
MAURO
MATTIA
NOE
WIRGILIUSZ
ALESSIO
VALERI
YAKIV
ISAAC
KILIAN
DITMAR
IOANNIS
JÖRG
DACJAN
MERT
NIR
SAJMON
STEPHAN
ADRIANO
DANIL
JEFFREY
BEKA
ONUR
YOUSSEF
DOMENICO
JOHAN
RENÉ
YOSYP
GELA
RENISŁAW
MINH
NADAV
ARMANDO
MAXIMILLIAN
OLECH
WIECZYSŁAW
FIODOR
HEKTOR
ALVARO
DAROSŁAW
GERALD
]]></system-out>
  <system-err><![CDATA[]]></system-err>
</testsuite>
