<?xml version="1.0" encoding="UTF-8"?>
<testsuite name="com.silenteight.homework.HomeworkApplicationTests" tests="1" skipped="0" failures="0" errors="0" timestamp="2021-04-07T17:18:21" hostname="DESKTOP-9MEJI3E" time="0.368">
  <properties/>
  <testcase name="contextLoads()" classname="com.silenteight.homework.HomeworkApplicationTests" time="0.368"/>
  <system-out><![CDATA[19:18:17.746 [Test worker] DEBUG org.springframework.test.context.BootstrapUtils - Instantiating CacheAwareContextLoaderDelegate from class [org.springframework.test.context.cache.DefaultCacheAwareContextLoaderDelegate]
19:18:17.770 [Test worker] DEBUG org.springframework.test.context.BootstrapUtils - Instantiating BootstrapContext using constructor [public org.springframework.test.context.support.DefaultBootstrapContext(java.lang.Class,org.springframework.test.context.CacheAwareContextLoaderDelegate)]
19:18:17.828 [Test worker] DEBUG org.springframework.test.context.BootstrapUtils - Instantiating TestContextBootstrapper for test class [com.silenteight.homework.HomeworkApplicationTests] from class [org.springframework.boot.test.context.SpringBootTestContextBootstrapper]
19:18:17.845 [Test worker] INFO org.springframework.boot.test.context.SpringBootTestContextBootstrapper - Neither @ContextConfiguration nor @ContextHierarchy found for test class [com.silenteight.homework.HomeworkApplicationTests], using SpringBootContextLoader
19:18:17.851 [Test worker] DEBUG org.springframework.test.context.support.AbstractContextLoader - Did not detect default resource location for test class [com.silenteight.homework.HomeworkApplicationTests]: class path resource [com/silenteight/homework/HomeworkApplicationTests-context.xml] does not exist
19:18:17.852 [Test worker] DEBUG org.springframework.test.context.support.AbstractContextLoader - Did not detect default resource location for test class [com.silenteight.homework.HomeworkApplicationTests]: class path resource [com/silenteight/homework/HomeworkApplicationTestsContext.groovy] does not exist
19:18:17.852 [Test worker] INFO org.springframework.test.context.support.AbstractContextLoader - Could not detect default resource locations for test class [com.silenteight.homework.HomeworkApplicationTests]: no resource found for suffixes {-context.xml, Context.groovy}.
19:18:17.852 [Test worker] INFO org.springframework.test.context.support.AnnotationConfigContextLoaderUtils - Could not detect default configuration classes for test class [com.silenteight.homework.HomeworkApplicationTests]: HomeworkApplicationTests does not declare any static, non-private, non-final, nested classes annotated with @Configuration.
19:18:17.910 [Test worker] DEBUG org.springframework.test.context.support.ActiveProfilesUtils - Could not find an 'annotation declaring class' for annotation type [org.springframework.test.context.ActiveProfiles] and class [com.silenteight.homework.HomeworkApplicationTests]
19:18:18.023 [Test worker] DEBUG org.springframework.context.annotation.ClassPathScanningCandidateComponentProvider - Identified candidate component class: file [C:\GIT\portfolio\silenteighthomework\build\classes\java\main\com\silenteight\homework\HomeworkApplication.class]
19:18:18.024 [Test worker] INFO org.springframework.boot.test.context.SpringBootTestContextBootstrapper - Found @SpringBootConfiguration com.silenteight.homework.HomeworkApplication for test class com.silenteight.homework.HomeworkApplicationTests
19:18:18.182 [Test worker] DEBUG org.springframework.boot.test.context.SpringBootTestContextBootstrapper - @TestExecutionListeners is not present for class [com.silenteight.homework.HomeworkApplicationTests]: using defaults.
19:18:18.183 [Test worker] INFO org.springframework.boot.test.context.SpringBootTestContextBootstrapper - Loaded default TestExecutionListener class names from location [META-INF/spring.factories]: [org.springframework.boot.test.autoconfigure.restdocs.RestDocsTestExecutionListener, org.springframework.boot.test.autoconfigure.web.client.MockRestServiceServerResetTestExecutionListener, org.springframework.boot.test.autoconfigure.web.servlet.MockMvcPrintOnlyOnFailureTestExecutionListener, org.springframework.boot.test.autoconfigure.web.servlet.WebDriverTestExecutionListener, org.springframework.boot.test.autoconfigure.webservices.client.MockWebServiceServerTestExecutionListener, org.springframework.boot.test.mock.mockito.MockitoTestExecutionListener, org.springframework.boot.test.mock.mockito.ResetMocksTestExecutionListener, org.springframework.test.context.web.ServletTestExecutionListener, org.springframework.test.context.support.DirtiesContextBeforeModesTestExecutionListener, org.springframework.test.context.event.ApplicationEventsTestExecutionListener, org.springframework.test.context.support.DependencyInjectionTestExecutionListener, org.springframework.test.context.support.DirtiesContextTestExecutionListener, org.springframework.test.context.transaction.TransactionalTestExecutionListener, org.springframework.test.context.jdbc.SqlScriptsTestExecutionListener, org.springframework.test.context.event.EventPublishingTestExecutionListener]
19:18:18.197 [Test worker] DEBUG org.springframework.boot.test.context.SpringBootTestContextBootstrapper - Skipping candidate TestExecutionListener [org.springframework.test.context.transaction.TransactionalTestExecutionListener] due to a missing dependency. Specify custom listener classes or make the default listener classes and their required dependencies available. Offending class: [org/springframework/transaction/TransactionDefinition]
19:18:18.198 [Test worker] DEBUG org.springframework.boot.test.context.SpringBootTestContextBootstrapper - Skipping candidate TestExecutionListener [org.springframework.test.context.jdbc.SqlScriptsTestExecutionListener] due to a missing dependency. Specify custom listener classes or make the default listener classes and their required dependencies available. Offending class: [org/springframework/transaction/interceptor/TransactionAttribute]
19:18:18.198 [Test worker] INFO org.springframework.boot.test.context.SpringBootTestContextBootstrapper - Using TestExecutionListeners: [org.springframework.test.context.web.ServletTestExecutionListener@1056db9a, org.springframework.test.context.support.DirtiesContextBeforeModesTestExecutionListener@2f40f72d, org.springframework.test.context.event.ApplicationEventsTestExecutionListener@77e7389b, org.springframework.boot.test.mock.mockito.MockitoTestExecutionListener@468ac689, org.springframework.boot.test.autoconfigure.SpringBootDependencyInjectionTestExecutionListener@60a65fc9, org.springframework.test.context.support.DirtiesContextTestExecutionListener@48f7356f, org.springframework.test.context.event.EventPublishingTestExecutionListener@69aef0a, org.springframework.boot.test.autoconfigure.restdocs.RestDocsTestExecutionListener@16b4cfde, org.springframework.boot.test.autoconfigure.web.client.MockRestServiceServerResetTestExecutionListener@44be82d6, org.springframework.boot.test.autoconfigure.web.servlet.MockMvcPrintOnlyOnFailureTestExecutionListener@35939b63, org.springframework.boot.test.autoconfigure.web.servlet.WebDriverTestExecutionListener@6420c064, org.springframework.boot.test.autoconfigure.webservices.client.MockWebServiceServerTestExecutionListener@545a3901, org.springframework.boot.test.mock.mockito.ResetMocksTestExecutionListener@6442b96e]
19:18:18.204 [Test worker] DEBUG org.springframework.test.context.support.AbstractDirtiesContextTestExecutionListener - Before test class: context [DefaultTestContext@338d1c7c testClass = HomeworkApplicationTests, testInstance = [null], testMethod = [null], testException = [null], mergedContextConfiguration = [WebMergedContextConfiguration@2a05caa5 testClass = HomeworkApplicationTests, locations = '{}', classes = '{class com.silenteight.homework.HomeworkApplication}', contextInitializerClasses = '[]', activeProfiles = '{}', propertySourceLocations = '{}', propertySourceProperties = '{org.springframework.boot.test.context.SpringBootTestContextBootstrapper=true}', contextCustomizers = set[org.springframework.boot.test.autoconfigure.actuate.metrics.MetricsExportContextCustomizerFactory$DisableMetricExportContextCustomizer@606a62e1, org.springframework.boot.test.autoconfigure.properties.PropertyMappingContextCustomizer@0, org.springframework.boot.test.autoconfigure.web.servlet.WebDriverContextCustomizerFactory$Customizer@4819b49f, org.springframework.boot.test.context.filter.ExcludeFilterContextCustomizer@2fb71d56, org.springframework.boot.test.json.DuplicateJsonObjectContextCustomizerFactory$DuplicateJsonObjectContextCustomizer@634e0531, org.springframework.boot.test.mock.mockito.MockitoContextCustomizer@0, org.springframework.boot.test.web.client.TestRestTemplateContextCustomizer@6dc09750, org.springframework.boot.test.context.SpringBootTestArgs@1, org.springframework.boot.test.context.SpringBootTestWebEnvironment@33dfaec0], resourceBasePath = 'src/main/webapp', contextLoader = 'org.springframework.boot.test.context.SpringBootContextLoader', parent = [null]], attributes = map['org.springframework.test.context.web.ServletTestExecutionListener.activateListener' -> true]], class annotated with @DirtiesContext [false] with mode [null].
19:18:18.249 [Test worker] DEBUG org.springframework.test.context.support.TestPropertySourceUtils - Adding inlined properties to environment: {spring.jmx.enabled=false, org.springframework.boot.test.context.SpringBootTestContextBootstrapper=true}

  .   ____          _            __ _ _
 /\\ / ___'_ __ _ _(_)_ __  __ _ \ \ \ \
( ( )\___ | '_ | '_| | '_ \/ _` | \ \ \ \
 \\/  ___)| |_)| | | | | || (_| |  ) ) ) )
  '  |____| .__|_| |_|_| |_\__, | / / / /
 =========|_|==============|___/=/_/_/_/
 :: Spring Boot ::                (v2.4.4)

2021-04-07 19:18:18.678  INFO 10824 --- [    Test worker] c.s.homework.HomeworkApplicationTests    : Starting HomeworkApplicationTests using Java 11.0.5 on DESKTOP-9MEJI3E with PID 10824 (started by uniqa in C:\GIT\portfolio\silenteighthomework)
2021-04-07 19:18:18.682  INFO 10824 --- [    Test worker] c.s.homework.HomeworkApplicationTests    : No active profile set, falling back to default profiles: default
2021-04-07 19:18:20.629  INFO 10824 --- [    Test worker] o.s.s.concurrent.ThreadPoolTaskExecutor  : Initializing ExecutorService 'applicationTaskExecutor'
2021-04-07 19:18:21.003  INFO 10824 --- [    Test worker] c.s.homework.HomeworkApplicationTests    : Started HomeworkApplicationTests in 2.744 seconds (JVM running for 4.681)
]]></system-out>
  <system-err><![CDATA[]]></system-err>
</testsuite>
