<?xml version="1.0" encoding="UTF-8"?>
<testsuite name="com.silenteight.homework.repository.NamesFromFilesRepositoryTest" tests="6" skipped="0" failures="0" errors="0" timestamp="2021-04-06T21:28:34" hostname="DESKTOP-9MEJI3E" time="0.422">
  <properties/>
  <testcase name="gettingAllFemaleNamesFromFileShouldNotBeNull()" classname="com.silenteight.homework.repository.NamesFromFilesRepositoryTest" time="0.362"/>
  <testcase name="fileWithMaleNamesShouldExist()" classname="com.silenteight.homework.repository.NamesFromFilesRepositoryTest" time="0.005"/>
  <testcase name="gettingAllMaleNamesFromFileShouldNotBeNull()" classname="com.silenteight.homework.repository.NamesFromFilesRepositoryTest" time="0.034"/>
  <testcase name="nameShouldBeFoundInFemaleNamesFile()" classname="com.silenteight.homework.repository.NamesFromFilesRepositoryTest" time="0.005"/>
  <testcase name="nameShouldBeFoundInMaleNamesFile()" classname="com.silenteight.homework.repository.NamesFromFilesRepositoryTest" time="0.006"/>
  <testcase name="fileWithFemaleNamesShouldExist()" classname="com.silenteight.homework.repository.NamesFromFilesRepositoryTest" time="0.005"/>
  <system-out><![CDATA[23:28:32.292 [Test worker] DEBUG org.springframework.test.context.BootstrapUtils - Instantiating CacheAwareContextLoaderDelegate from class [org.springframework.test.context.cache.DefaultCacheAwareContextLoaderDelegate]
23:28:32.309 [Test worker] DEBUG org.springframework.test.context.BootstrapUtils - Instantiating BootstrapContext using constructor [public org.springframework.test.context.support.DefaultBootstrapContext(java.lang.Class,org.springframework.test.context.CacheAwareContextLoaderDelegate)]
23:28:32.349 [Test worker] DEBUG org.springframework.test.context.BootstrapUtils - Instantiating TestContextBootstrapper for test class [com.silenteight.homework.repository.NamesFromFilesRepositoryTest] from class [org.springframework.boot.test.context.SpringBootTestContextBootstrapper]
23:28:32.362 [Test worker] INFO org.springframework.boot.test.context.SpringBootTestContextBootstrapper - Neither @ContextConfiguration nor @ContextHierarchy found for test class [com.silenteight.homework.repository.NamesFromFilesRepositoryTest], using SpringBootContextLoader
23:28:32.365 [Test worker] DEBUG org.springframework.test.context.support.AbstractContextLoader - Did not detect default resource location for test class [com.silenteight.homework.repository.NamesFromFilesRepositoryTest]: class path resource [com/silenteight/homework/repository/NamesFromFilesRepositoryTest-context.xml] does not exist
23:28:32.366 [Test worker] DEBUG org.springframework.test.context.support.AbstractContextLoader - Did not detect default resource location for test class [com.silenteight.homework.repository.NamesFromFilesRepositoryTest]: class path resource [com/silenteight/homework/repository/NamesFromFilesRepositoryTestContext.groovy] does not exist
23:28:32.366 [Test worker] INFO org.springframework.test.context.support.AbstractContextLoader - Could not detect default resource locations for test class [com.silenteight.homework.repository.NamesFromFilesRepositoryTest]: no resource found for suffixes {-context.xml, Context.groovy}.
23:28:32.410 [Test worker] DEBUG org.springframework.test.context.support.ActiveProfilesUtils - Could not find an 'annotation declaring class' for annotation type [org.springframework.test.context.ActiveProfiles] and class [com.silenteight.homework.repository.NamesFromFilesRepositoryTest]
23:28:32.536 [Test worker] DEBUG org.springframework.boot.test.context.SpringBootTestContextBootstrapper - @TestExecutionListeners is not present for class [com.silenteight.homework.repository.NamesFromFilesRepositoryTest]: using defaults.
23:28:32.537 [Test worker] INFO org.springframework.boot.test.context.SpringBootTestContextBootstrapper - Loaded default TestExecutionListener class names from location [META-INF/spring.factories]: [org.springframework.boot.test.autoconfigure.restdocs.RestDocsTestExecutionListener, org.springframework.boot.test.autoconfigure.web.client.MockRestServiceServerResetTestExecutionListener, org.springframework.boot.test.autoconfigure.web.servlet.MockMvcPrintOnlyOnFailureTestExecutionListener, org.springframework.boot.test.autoconfigure.web.servlet.WebDriverTestExecutionListener, org.springframework.boot.test.autoconfigure.webservices.client.MockWebServiceServerTestExecutionListener, org.springframework.boot.test.mock.mockito.MockitoTestExecutionListener, org.springframework.boot.test.mock.mockito.ResetMocksTestExecutionListener, org.springframework.test.context.web.ServletTestExecutionListener, org.springframework.test.context.support.DirtiesContextBeforeModesTestExecutionListener, org.springframework.test.context.event.ApplicationEventsTestExecutionListener, org.springframework.test.context.support.DependencyInjectionTestExecutionListener, org.springframework.test.context.support.DirtiesContextTestExecutionListener, org.springframework.test.context.transaction.TransactionalTestExecutionListener, org.springframework.test.context.jdbc.SqlScriptsTestExecutionListener, org.springframework.test.context.event.EventPublishingTestExecutionListener]
23:28:32.552 [Test worker] DEBUG org.springframework.boot.test.context.SpringBootTestContextBootstrapper - Skipping candidate TestExecutionListener [org.springframework.test.context.transaction.TransactionalTestExecutionListener] due to a missing dependency. Specify custom listener classes or make the default listener classes and their required dependencies available. Offending class: [org/springframework/transaction/interceptor/TransactionAttributeSource]
23:28:32.553 [Test worker] DEBUG org.springframework.boot.test.context.SpringBootTestContextBootstrapper - Skipping candidate TestExecutionListener [org.springframework.test.context.jdbc.SqlScriptsTestExecutionListener] due to a missing dependency. Specify custom listener classes or make the default listener classes and their required dependencies available. Offending class: [org/springframework/transaction/interceptor/TransactionAttribute]
23:28:32.553 [Test worker] INFO org.springframework.boot.test.context.SpringBootTestContextBootstrapper - Using TestExecutionListeners: [org.springframework.test.context.web.ServletTestExecutionListener@4525c727, org.springframework.test.context.support.DirtiesContextBeforeModesTestExecutionListener@25bc1503, org.springframework.test.context.event.ApplicationEventsTestExecutionListener@60b2bebb, org.springframework.boot.test.mock.mockito.MockitoTestExecutionListener@62a2cb2f, org.springframework.boot.test.autoconfigure.SpringBootDependencyInjectionTestExecutionListener@95524a3, org.springframework.test.context.support.DirtiesContextTestExecutionListener@4c042c87, org.springframework.test.context.event.EventPublishingTestExecutionListener@39b614da, org.springframework.boot.test.autoconfigure.restdocs.RestDocsTestExecutionListener@4d395b70, org.springframework.boot.test.autoconfigure.web.client.MockRestServiceServerResetTestExecutionListener@6d691e48, org.springframework.boot.test.autoconfigure.web.servlet.MockMvcPrintOnlyOnFailureTestExecutionListener@e46776, org.springframework.boot.test.autoconfigure.web.servlet.WebDriverTestExecutionListener@97da374, org.springframework.boot.test.autoconfigure.webservices.client.MockWebServiceServerTestExecutionListener@e189bf0, org.springframework.boot.test.mock.mockito.ResetMocksTestExecutionListener@2ba64f25]
23:28:32.558 [Test worker] DEBUG org.springframework.test.context.support.AbstractDirtiesContextTestExecutionListener - Before test class: context [DefaultTestContext@2739ca30 testClass = NamesFromFilesRepositoryTest, testInstance = [null], testMethod = [null], testException = [null], mergedContextConfiguration = [WebMergedContextConfiguration@3f21d27d testClass = NamesFromFilesRepositoryTest, locations = '{}', classes = '{class com.silenteight.homework.HomeworkApplication}', contextInitializerClasses = '[]', activeProfiles = '{}', propertySourceLocations = '{}', propertySourceProperties = '{org.springframework.boot.test.context.SpringBootTestContextBootstrapper=true}', contextCustomizers = set[org.springframework.boot.test.autoconfigure.actuate.metrics.MetricsExportContextCustomizerFactory$DisableMetricExportContextCustomizer@446894b, org.springframework.boot.test.autoconfigure.properties.PropertyMappingContextCustomizer@0, org.springframework.boot.test.autoconfigure.web.servlet.WebDriverContextCustomizerFactory$Customizer@70327efd, org.springframework.boot.test.context.filter.ExcludeFilterContextCustomizer@6ea3796, org.springframework.boot.test.json.DuplicateJsonObjectContextCustomizerFactory$DuplicateJsonObjectContextCustomizer@45238d37, org.springframework.boot.test.mock.mockito.MockitoContextCustomizer@0, org.springframework.boot.test.web.client.TestRestTemplateContextCustomizer@438155fb, org.springframework.boot.test.context.SpringBootTestArgs@1, org.springframework.boot.test.context.SpringBootTestWebEnvironment@508f45b6], resourceBasePath = 'src/main/webapp', contextLoader = 'org.springframework.boot.test.context.SpringBootContextLoader', parent = [null]], attributes = map['org.springframework.test.context.web.ServletTestExecutionListener.activateListener' -> true]], class annotated with @DirtiesContext [false] with mode [null].
23:28:32.600 [Test worker] DEBUG org.springframework.test.context.support.TestPropertySourceUtils - Adding inlined properties to environment: {spring.jmx.enabled=false, org.springframework.boot.test.context.SpringBootTestContextBootstrapper=true}

  .   ____          _            __ _ _
 /\\ / ___'_ __ _ _(_)_ __  __ _ \ \ \ \
( ( )\___ | '_ | '_| | '_ \/ _` | \ \ \ \
 \\/  ___)| |_)| | | | | || (_| |  ) ) ) )
  '  |____| .__|_| |_|_| |_\__, | / / / /
 =========|_|==============|___/=/_/_/_/
 :: Spring Boot ::                (v2.4.4)

2021-04-06 23:28:32.893  INFO 17928 --- [    Test worker] c.s.h.r.NamesFromFilesRepositoryTest     : Starting NamesFromFilesRepositoryTest using Java 11.0.5 on DESKTOP-9MEJI3E with PID 17928 (started by uniqa in C:\GIT\portfolio\silenteighthomework)
2021-04-06 23:28:32.895  INFO 17928 --- [    Test worker] c.s.h.r.NamesFromFilesRepositoryTest     : No active profile set, falling back to default profiles: default
2021-04-06 23:28:34.193  INFO 17928 --- [    Test worker] o.s.s.concurrent.ThreadPoolTaskExecutor  : Initializing ExecutorService 'applicationTaskExecutor'
2021-04-06 23:28:34.509  INFO 17928 --- [    Test worker] c.s.h.r.NamesFromFilesRepositoryTest     : Started NamesFromFilesRepositoryTest in 1.901 seconds (JVM running for 3.24)
]]></system-out>
  <system-err><![CDATA[]]></system-err>
</testsuite>
