<?xml version="1.0" encoding="UTF-8"?>
<testsuite name="com.silenteight.homework.service.GenderDetectorServiceFactoryTest" tests="1" skipped="0" failures="0" errors="0" timestamp="2021-04-06T19:58:16" hostname="DESKTOP-9MEJI3E" time="0.366">
  <properties/>
  <testcase name="shouldReturnMaleGenderByFirstNameVariantWithLowerCase()" classname="com.silenteight.homework.service.GenderDetectorServiceFactoryTest" time="0.366"/>
  <system-out><![CDATA[21:58:14.574 [Test worker] DEBUG org.springframework.test.context.BootstrapUtils - Instantiating CacheAwareContextLoaderDelegate from class [org.springframework.test.context.cache.DefaultCacheAwareContextLoaderDelegate]
21:58:14.586 [Test worker] DEBUG org.springframework.test.context.BootstrapUtils - Instantiating BootstrapContext using constructor [public org.springframework.test.context.support.DefaultBootstrapContext(java.lang.Class,org.springframework.test.context.CacheAwareContextLoaderDelegate)]
21:58:14.625 [Test worker] DEBUG org.springframework.test.context.BootstrapUtils - Instantiating TestContextBootstrapper for test class [com.silenteight.homework.service.GenderDetectorServiceFactoryTest] from class [org.springframework.boot.test.context.SpringBootTestContextBootstrapper]
21:58:14.645 [Test worker] INFO org.springframework.boot.test.context.SpringBootTestContextBootstrapper - Neither @ContextConfiguration nor @ContextHierarchy found for test class [com.silenteight.homework.service.GenderDetectorServiceFactoryTest], using SpringBootContextLoader
21:58:14.648 [Test worker] DEBUG org.springframework.test.context.support.AbstractContextLoader - Did not detect default resource location for test class [com.silenteight.homework.service.GenderDetectorServiceFactoryTest]: class path resource [com/silenteight/homework/service/GenderDetectorServiceFactoryTest-context.xml] does not exist
21:58:14.649 [Test worker] DEBUG org.springframework.test.context.support.AbstractContextLoader - Did not detect default resource location for test class [com.silenteight.homework.service.GenderDetectorServiceFactoryTest]: class path resource [com/silenteight/homework/service/GenderDetectorServiceFactoryTestContext.groovy] does not exist
21:58:14.649 [Test worker] INFO org.springframework.test.context.support.AbstractContextLoader - Could not detect default resource locations for test class [com.silenteight.homework.service.GenderDetectorServiceFactoryTest]: no resource found for suffixes {-context.xml, Context.groovy}.
21:58:14.691 [Test worker] DEBUG org.springframework.test.context.support.ActiveProfilesUtils - Could not find an 'annotation declaring class' for annotation type [org.springframework.test.context.ActiveProfiles] and class [com.silenteight.homework.service.GenderDetectorServiceFactoryTest]
21:58:14.816 [Test worker] DEBUG org.springframework.boot.test.context.SpringBootTestContextBootstrapper - @TestExecutionListeners is not present for class [com.silenteight.homework.service.GenderDetectorServiceFactoryTest]: using defaults.
21:58:14.817 [Test worker] INFO org.springframework.boot.test.context.SpringBootTestContextBootstrapper - Loaded default TestExecutionListener class names from location [META-INF/spring.factories]: [org.springframework.boot.test.autoconfigure.restdocs.RestDocsTestExecutionListener, org.springframework.boot.test.autoconfigure.web.client.MockRestServiceServerResetTestExecutionListener, org.springframework.boot.test.autoconfigure.web.servlet.MockMvcPrintOnlyOnFailureTestExecutionListener, org.springframework.boot.test.autoconfigure.web.servlet.WebDriverTestExecutionListener, org.springframework.boot.test.autoconfigure.webservices.client.MockWebServiceServerTestExecutionListener, org.springframework.boot.test.mock.mockito.MockitoTestExecutionListener, org.springframework.boot.test.mock.mockito.ResetMocksTestExecutionListener, org.springframework.test.context.web.ServletTestExecutionListener, org.springframework.test.context.support.DirtiesContextBeforeModesTestExecutionListener, org.springframework.test.context.event.ApplicationEventsTestExecutionListener, org.springframework.test.context.support.DependencyInjectionTestExecutionListener, org.springframework.test.context.support.DirtiesContextTestExecutionListener, org.springframework.test.context.transaction.TransactionalTestExecutionListener, org.springframework.test.context.jdbc.SqlScriptsTestExecutionListener, org.springframework.test.context.event.EventPublishingTestExecutionListener]
21:58:14.831 [Test worker] DEBUG org.springframework.boot.test.context.SpringBootTestContextBootstrapper - Skipping candidate TestExecutionListener [org.springframework.test.context.transaction.TransactionalTestExecutionListener] due to a missing dependency. Specify custom listener classes or make the default listener classes and their required dependencies available. Offending class: [org/springframework/transaction/interceptor/TransactionAttributeSource]
21:58:14.832 [Test worker] DEBUG org.springframework.boot.test.context.SpringBootTestContextBootstrapper - Skipping candidate TestExecutionListener [org.springframework.test.context.jdbc.SqlScriptsTestExecutionListener] due to a missing dependency. Specify custom listener classes or make the default listener classes and their required dependencies available. Offending class: [org/springframework/transaction/interceptor/TransactionAttribute]
21:58:14.832 [Test worker] INFO org.springframework.boot.test.context.SpringBootTestContextBootstrapper - Using TestExecutionListeners: [org.springframework.test.context.web.ServletTestExecutionListener@76c04e1b, org.springframework.test.context.support.DirtiesContextBeforeModesTestExecutionListener@3c4f77fe, org.springframework.test.context.event.ApplicationEventsTestExecutionListener@6ca7fa2f, org.springframework.boot.test.mock.mockito.MockitoTestExecutionListener@5d0bf2a8, org.springframework.boot.test.autoconfigure.SpringBootDependencyInjectionTestExecutionListener@294fdf84, org.springframework.test.context.support.DirtiesContextTestExecutionListener@6e78bdd4, org.springframework.test.context.event.EventPublishingTestExecutionListener@3ddd44b6, org.springframework.boot.test.autoconfigure.restdocs.RestDocsTestExecutionListener@3f417f17, org.springframework.boot.test.autoconfigure.web.client.MockRestServiceServerResetTestExecutionListener@68252484, org.springframework.boot.test.autoconfigure.web.servlet.MockMvcPrintOnlyOnFailureTestExecutionListener@4318a249, org.springframework.boot.test.autoconfigure.web.servlet.WebDriverTestExecutionListener@14b7b668, org.springframework.boot.test.autoconfigure.webservices.client.MockWebServiceServerTestExecutionListener@20bada2e, org.springframework.boot.test.mock.mockito.ResetMocksTestExecutionListener@61fadbb9]
21:58:14.836 [Test worker] DEBUG org.springframework.test.context.support.AbstractDirtiesContextTestExecutionListener - Before test class: context [DefaultTestContext@4855eb1e testClass = GenderDetectorServiceFactoryTest, testInstance = [null], testMethod = [null], testException = [null], mergedContextConfiguration = [WebMergedContextConfiguration@35ba4359 testClass = GenderDetectorServiceFactoryTest, locations = '{}', classes = '{class com.silenteight.homework.HomeworkApplication}', contextInitializerClasses = '[]', activeProfiles = '{}', propertySourceLocations = '{}', propertySourceProperties = '{org.springframework.boot.test.context.SpringBootTestContextBootstrapper=true}', contextCustomizers = set[org.springframework.boot.test.autoconfigure.actuate.metrics.MetricsExportContextCustomizerFactory$DisableMetricExportContextCustomizer@404c765e, org.springframework.boot.test.autoconfigure.properties.PropertyMappingContextCustomizer@0, org.springframework.boot.test.autoconfigure.web.servlet.WebDriverContextCustomizerFactory$Customizer@28492dfb, org.springframework.boot.test.context.filter.ExcludeFilterContextCustomizer@7a5af587, org.springframework.boot.test.json.DuplicateJsonObjectContextCustomizerFactory$DuplicateJsonObjectContextCustomizer@e3e49f5, org.springframework.boot.test.mock.mockito.MockitoContextCustomizer@0, org.springframework.boot.test.web.client.TestRestTemplateContextCustomizer@d92ca63, org.springframework.boot.test.context.SpringBootTestArgs@1, org.springframework.boot.test.context.SpringBootTestWebEnvironment@9dd5310], resourceBasePath = 'src/main/webapp', contextLoader = 'org.springframework.boot.test.context.SpringBootContextLoader', parent = [null]], attributes = map['org.springframework.test.context.web.ServletTestExecutionListener.activateListener' -> true]], class annotated with @DirtiesContext [false] with mode [null].
21:58:14.887 [Test worker] DEBUG org.springframework.test.context.support.TestPropertySourceUtils - Adding inlined properties to environment: {spring.jmx.enabled=false, org.springframework.boot.test.context.SpringBootTestContextBootstrapper=true}

  .   ____          _            __ _ _
 /\\ / ___'_ __ _ _(_)_ __  __ _ \ \ \ \
( ( )\___ | '_ | '_| | '_ \/ _` | \ \ \ \
 \\/  ___)| |_)| | | | | || (_| |  ) ) ) )
  '  |____| .__|_| |_|_| |_\__, | / / / /
 =========|_|==============|___/=/_/_/_/
 :: Spring Boot ::                (v2.4.4)

2021-04-06 21:58:15.172  INFO 16988 --- [    Test worker] c.s.h.s.GenderDetectorServiceFactoryTest : Starting GenderDetectorServiceFactoryTest using Java 11.0.5 on DESKTOP-9MEJI3E with PID 16988 (started by uniqa in C:\GIT\portfolio\silenteighthomework)
2021-04-06 21:58:15.176  INFO 16988 --- [    Test worker] c.s.h.s.GenderDetectorServiceFactoryTest : No active profile set, falling back to default profiles: default
2021-04-06 21:58:16.476  INFO 16988 --- [    Test worker] o.s.s.concurrent.ThreadPoolTaskExecutor  : Initializing ExecutorService 'applicationTaskExecutor'
2021-04-06 21:58:16.814  INFO 16988 --- [    Test worker] c.s.h.s.GenderDetectorServiceFactoryTest : Started GenderDetectorServiceFactoryTest in 1.918 seconds (JVM running for 3.259)
2021-04-06 21:58:17.182  INFO 16988 --- [    Test worker] c.s.h.s.AllNamesGenderDetectorService    : Value of genderEvaluator -> -1
2021-04-06 21:58:17.184  INFO 16988 --- [    Test worker] c.s.h.s.AllNamesGenderDetectorService    : Checking by -> AllNamesGenderDetectorService, names to check -> marian jan anna
]]></system-out>
  <system-err><![CDATA[]]></system-err>
</testsuite>
