<?xml version="1.0" encoding="UTF-8"?>
<testsuite name="com.silenteight.homework.service.GenderDetectorServiceFactoryTest" tests="9" skipped="0" failures="0" errors="0" timestamp="2021-04-07T17:18:21" hostname="DESKTOP-9MEJI3E" time="0.081">
  <properties/>
  <testcase name="shouldReturnFemaleGenderByAllNameVariant()" classname="com.silenteight.homework.service.GenderDetectorServiceFactoryTest" time="0.008"/>
  <testcase name="shouldReturnMaleGenderByFirstNameVariant()" classname="com.silenteight.homework.service.GenderDetectorServiceFactoryTest" time="0.008"/>
  <testcase name="shouldReturnMaleGenderByFirstNameVariantWithLowerCase()" classname="com.silenteight.homework.service.GenderDetectorServiceFactoryTest" time="0.011"/>
  <testcase name="shouldReturnFemaleGenderByFirstNameVariant()" classname="com.silenteight.homework.service.GenderDetectorServiceFactoryTest" time="0.007"/>
  <testcase name="shouldReturnMaleGenderByAllNameVariant()" classname="com.silenteight.homework.service.GenderDetectorServiceFactoryTest" time="0.01"/>
  <testcase name="shouldReturnMaleGenderByAllNameVariantWithLowerCase()" classname="com.silenteight.homework.service.GenderDetectorServiceFactoryTest" time="0.008"/>
  <testcase name="shouldReturnInconclusiveGenderByFirstNameVariant()" classname="com.silenteight.homework.service.GenderDetectorServiceFactoryTest" time="0.007"/>
  <testcase name="shouldReturnInconclusiveGenderByAllNameVariant()" classname="com.silenteight.homework.service.GenderDetectorServiceFactoryTest" time="0.011"/>
  <testcase name="shouldThrowNullPointerException()" classname="com.silenteight.homework.service.GenderDetectorServiceFactoryTest" time="0.004"/>
  <system-out><![CDATA[2021-04-07 19:18:21.749  INFO 10824 --- [    Test worker] .b.t.c.SpringBootTestContextBootstrapper : Neither @ContextConfiguration nor @ContextHierarchy found for test class [com.silenteight.homework.service.GenderDetectorServiceFactoryTest], using SpringBootContextLoader
2021-04-07 19:18:21.750  INFO 10824 --- [    Test worker] o.s.t.c.support.AbstractContextLoader    : Could not detect default resource locations for test class [com.silenteight.homework.service.GenderDetectorServiceFactoryTest]: no resource found for suffixes {-context.xml, Context.groovy}.
2021-04-07 19:18:21.752  INFO 10824 --- [    Test worker] .b.t.c.SpringBootTestContextBootstrapper : Loaded default TestExecutionListener class names from location [META-INF/spring.factories]: [org.springframework.boot.test.autoconfigure.restdocs.RestDocsTestExecutionListener, org.springframework.boot.test.autoconfigure.web.client.MockRestServiceServerResetTestExecutionListener, org.springframework.boot.test.autoconfigure.web.servlet.MockMvcPrintOnlyOnFailureTestExecutionListener, org.springframework.boot.test.autoconfigure.web.servlet.WebDriverTestExecutionListener, org.springframework.boot.test.autoconfigure.webservices.client.MockWebServiceServerTestExecutionListener, org.springframework.boot.test.mock.mockito.MockitoTestExecutionListener, org.springframework.boot.test.mock.mockito.ResetMocksTestExecutionListener, org.springframework.test.context.web.ServletTestExecutionListener, org.springframework.test.context.support.DirtiesContextBeforeModesTestExecutionListener, org.springframework.test.context.event.ApplicationEventsTestExecutionListener, org.springframework.test.context.support.DependencyInjectionTestExecutionListener, org.springframework.test.context.support.DirtiesContextTestExecutionListener, org.springframework.test.context.transaction.TransactionalTestExecutionListener, org.springframework.test.context.jdbc.SqlScriptsTestExecutionListener, org.springframework.test.context.event.EventPublishingTestExecutionListener]
2021-04-07 19:18:21.754  INFO 10824 --- [    Test worker] .b.t.c.SpringBootTestContextBootstrapper : Using TestExecutionListeners: [org.springframework.test.context.web.ServletTestExecutionListener@6c9644ae, org.springframework.test.context.support.DirtiesContextBeforeModesTestExecutionListener@687c7bec, org.springframework.test.context.event.ApplicationEventsTestExecutionListener@e1b7b8f, org.springframework.boot.test.mock.mockito.MockitoTestExecutionListener@783e7cf, org.springframework.boot.test.autoconfigure.SpringBootDependencyInjectionTestExecutionListener@59ee60a5, org.springframework.test.context.support.DirtiesContextTestExecutionListener@52c6c36f, org.springframework.test.context.event.EventPublishingTestExecutionListener@7540dbb, org.springframework.boot.test.autoconfigure.restdocs.RestDocsTestExecutionListener@1ff12f01, org.springframework.boot.test.autoconfigure.web.client.MockRestServiceServerResetTestExecutionListener@35b08f12, org.springframework.boot.test.autoconfigure.web.servlet.MockMvcPrintOnlyOnFailureTestExecutionListener@5109ff70, org.springframework.boot.test.autoconfigure.web.servlet.WebDriverTestExecutionListener@7697093f, org.springframework.boot.test.autoconfigure.webservices.client.MockWebServiceServerTestExecutionListener@6088a9cb, org.springframework.boot.test.mock.mockito.ResetMocksTestExecutionListener@517162d7]
2021-04-07 19:18:21.762  INFO 10824 --- [    Test worker] c.s.h.s.AllNamesGenderDetectorService    : Value of genderEvaluator -> 1
2021-04-07 19:18:21.762  INFO 10824 --- [    Test worker] c.s.h.s.AllNamesGenderDetectorService    : Checking by -> AllNamesGenderDetectorService, names to check -> MAGDALENA ZBIGNIEW ADRIANNA
2021-04-07 19:18:21.772  INFO 10824 --- [    Test worker] c.s.h.s.FirstNameGenderDetectorService   : Checking by -> FirstNameGenderDetectorService, name -> ALBERT
2021-04-07 19:18:21.783  INFO 10824 --- [    Test worker] c.s.h.s.AllNamesGenderDetectorService    : Value of genderEvaluator -> -1
2021-04-07 19:18:21.784  INFO 10824 --- [    Test worker] c.s.h.s.AllNamesGenderDetectorService    : Checking by -> AllNamesGenderDetectorService, names to check -> marian jan anna
2021-04-07 19:18:21.791  INFO 10824 --- [    Test worker] c.s.h.s.FirstNameGenderDetectorService   : Checking by -> FirstNameGenderDetectorService, name -> MAGDALENA
2021-04-07 19:18:21.802  INFO 10824 --- [    Test worker] c.s.h.s.AllNamesGenderDetectorService    : Value of genderEvaluator -> -1
2021-04-07 19:18:21.802  INFO 10824 --- [    Test worker] c.s.h.s.AllNamesGenderDetectorService    : Checking by -> AllNamesGenderDetectorService, names to check -> ALBERT MARIA WOJCIECH
2021-04-07 19:18:21.811  INFO 10824 --- [    Test worker] c.s.h.s.AllNamesGenderDetectorService    : Value of genderEvaluator -> -1
2021-04-07 19:18:21.811  INFO 10824 --- [    Test worker] c.s.h.s.AllNamesGenderDetectorService    : Checking by -> AllNamesGenderDetectorService, names to check -> marian jan anna
2021-04-07 19:18:21.819  INFO 10824 --- [    Test worker] c.s.h.s.FirstNameGenderDetectorService   : Checking by -> FirstNameGenderDetectorService, name -> notName
2021-04-07 19:18:21.830  INFO 10824 --- [    Test worker] c.s.h.s.AllNamesGenderDetectorService    : Value of genderEvaluator -> 0
2021-04-07 19:18:21.830  INFO 10824 --- [    Test worker] c.s.h.s.AllNamesGenderDetectorService    : Checking by -> AllNamesGenderDetectorService, names to check -> notName JAN ANNA
]]></system-out>
  <system-err><![CDATA[]]></system-err>
</testsuite>
