<?xml version="1.0" encoding="UTF-8"?>
<testsuite name="com.silenteight.homework.service.GenderDetectorServiceFactoryTest" tests="6" skipped="0" failures="0" errors="0" timestamp="2021-04-06T19:50:17" hostname="DESKTOP-9MEJI3E" time="0.484">
  <properties/>
  <testcase name="shouldReturnFemaleGenderByAllNameVariant()" classname="com.silenteight.homework.service.GenderDetectorServiceFactoryTest" time="0.366"/>
  <testcase name="shouldReturnMaleGenderByFirstNameVariant()" classname="com.silenteight.homework.service.GenderDetectorServiceFactoryTest" time="0.048"/>
  <testcase name="shouldReturnFemaleGenderByFirstNameVariant()" classname="com.silenteight.homework.service.GenderDetectorServiceFactoryTest" time="0.022"/>
  <testcase name="shouldReturnMaleGenderByAllNameVariant()" classname="com.silenteight.homework.service.GenderDetectorServiceFactoryTest" time="0.017"/>
  <testcase name="shouldReturnInconclusiveGenderByFirstNameVariant()" classname="com.silenteight.homework.service.GenderDetectorServiceFactoryTest" time="0.009"/>
  <testcase name="shouldReturnInconclusiveGenderByAllNameVariant()" classname="com.silenteight.homework.service.GenderDetectorServiceFactoryTest" time="0.016"/>
  <system-out><![CDATA[21:50:15.402 [Test worker] DEBUG org.springframework.test.context.BootstrapUtils - Instantiating CacheAwareContextLoaderDelegate from class [org.springframework.test.context.cache.DefaultCacheAwareContextLoaderDelegate]
21:50:15.416 [Test worker] DEBUG org.springframework.test.context.BootstrapUtils - Instantiating BootstrapContext using constructor [public org.springframework.test.context.support.DefaultBootstrapContext(java.lang.Class,org.springframework.test.context.CacheAwareContextLoaderDelegate)]
21:50:15.453 [Test worker] DEBUG org.springframework.test.context.BootstrapUtils - Instantiating TestContextBootstrapper for test class [com.silenteight.homework.service.GenderDetectorServiceFactoryTest] from class [org.springframework.boot.test.context.SpringBootTestContextBootstrapper]
21:50:15.465 [Test worker] INFO org.springframework.boot.test.context.SpringBootTestContextBootstrapper - Neither @ContextConfiguration nor @ContextHierarchy found for test class [com.silenteight.homework.service.GenderDetectorServiceFactoryTest], using SpringBootContextLoader
21:50:15.469 [Test worker] DEBUG org.springframework.test.context.support.AbstractContextLoader - Did not detect default resource location for test class [com.silenteight.homework.service.GenderDetectorServiceFactoryTest]: class path resource [com/silenteight/homework/service/GenderDetectorServiceFactoryTest-context.xml] does not exist
21:50:15.470 [Test worker] DEBUG org.springframework.test.context.support.AbstractContextLoader - Did not detect default resource location for test class [com.silenteight.homework.service.GenderDetectorServiceFactoryTest]: class path resource [com/silenteight/homework/service/GenderDetectorServiceFactoryTestContext.groovy] does not exist
21:50:15.470 [Test worker] INFO org.springframework.test.context.support.AbstractContextLoader - Could not detect default resource locations for test class [com.silenteight.homework.service.GenderDetectorServiceFactoryTest]: no resource found for suffixes {-context.xml, Context.groovy}.
21:50:15.514 [Test worker] DEBUG org.springframework.test.context.support.ActiveProfilesUtils - Could not find an 'annotation declaring class' for annotation type [org.springframework.test.context.ActiveProfiles] and class [com.silenteight.homework.service.GenderDetectorServiceFactoryTest]
21:50:15.646 [Test worker] DEBUG org.springframework.boot.test.context.SpringBootTestContextBootstrapper - @TestExecutionListeners is not present for class [com.silenteight.homework.service.GenderDetectorServiceFactoryTest]: using defaults.
21:50:15.647 [Test worker] INFO org.springframework.boot.test.context.SpringBootTestContextBootstrapper - Loaded default TestExecutionListener class names from location [META-INF/spring.factories]: [org.springframework.boot.test.autoconfigure.restdocs.RestDocsTestExecutionListener, org.springframework.boot.test.autoconfigure.web.client.MockRestServiceServerResetTestExecutionListener, org.springframework.boot.test.autoconfigure.web.servlet.MockMvcPrintOnlyOnFailureTestExecutionListener, org.springframework.boot.test.autoconfigure.web.servlet.WebDriverTestExecutionListener, org.springframework.boot.test.autoconfigure.webservices.client.MockWebServiceServerTestExecutionListener, org.springframework.boot.test.mock.mockito.MockitoTestExecutionListener, org.springframework.boot.test.mock.mockito.ResetMocksTestExecutionListener, org.springframework.test.context.web.ServletTestExecutionListener, org.springframework.test.context.support.DirtiesContextBeforeModesTestExecutionListener, org.springframework.test.context.event.ApplicationEventsTestExecutionListener, org.springframework.test.context.support.DependencyInjectionTestExecutionListener, org.springframework.test.context.support.DirtiesContextTestExecutionListener, org.springframework.test.context.transaction.TransactionalTestExecutionListener, org.springframework.test.context.jdbc.SqlScriptsTestExecutionListener, org.springframework.test.context.event.EventPublishingTestExecutionListener]
21:50:15.663 [Test worker] DEBUG org.springframework.boot.test.context.SpringBootTestContextBootstrapper - Skipping candidate TestExecutionListener [org.springframework.test.context.transaction.TransactionalTestExecutionListener] due to a missing dependency. Specify custom listener classes or make the default listener classes and their required dependencies available. Offending class: [org/springframework/transaction/interceptor/TransactionAttributeSource]
21:50:15.663 [Test worker] DEBUG org.springframework.boot.test.context.SpringBootTestContextBootstrapper - Skipping candidate TestExecutionListener [org.springframework.test.context.jdbc.SqlScriptsTestExecutionListener] due to a missing dependency. Specify custom listener classes or make the default listener classes and their required dependencies available. Offending class: [org/springframework/transaction/interceptor/TransactionAttribute]
21:50:15.664 [Test worker] INFO org.springframework.boot.test.context.SpringBootTestContextBootstrapper - Using TestExecutionListeners: [org.springframework.test.context.web.ServletTestExecutionListener@4525c727, org.springframework.test.context.support.DirtiesContextBeforeModesTestExecutionListener@25bc1503, org.springframework.test.context.event.ApplicationEventsTestExecutionListener@60b2bebb, org.springframework.boot.test.mock.mockito.MockitoTestExecutionListener@62a2cb2f, org.springframework.boot.test.autoconfigure.SpringBootDependencyInjectionTestExecutionListener@95524a3, org.springframework.test.context.support.DirtiesContextTestExecutionListener@4c042c87, org.springframework.test.context.event.EventPublishingTestExecutionListener@39b614da, org.springframework.boot.test.autoconfigure.restdocs.RestDocsTestExecutionListener@4d395b70, org.springframework.boot.test.autoconfigure.web.client.MockRestServiceServerResetTestExecutionListener@6d691e48, org.springframework.boot.test.autoconfigure.web.servlet.MockMvcPrintOnlyOnFailureTestExecutionListener@e46776, org.springframework.boot.test.autoconfigure.web.servlet.WebDriverTestExecutionListener@97da374, org.springframework.boot.test.autoconfigure.webservices.client.MockWebServiceServerTestExecutionListener@e189bf0, org.springframework.boot.test.mock.mockito.ResetMocksTestExecutionListener@2ba64f25]
21:50:15.668 [Test worker] DEBUG org.springframework.test.context.support.AbstractDirtiesContextTestExecutionListener - Before test class: context [DefaultTestContext@2739ca30 testClass = GenderDetectorServiceFactoryTest, testInstance = [null], testMethod = [null], testException = [null], mergedContextConfiguration = [WebMergedContextConfiguration@3f21d27d testClass = GenderDetectorServiceFactoryTest, locations = '{}', classes = '{class com.silenteight.homework.HomeworkApplication}', contextInitializerClasses = '[]', activeProfiles = '{}', propertySourceLocations = '{}', propertySourceProperties = '{org.springframework.boot.test.context.SpringBootTestContextBootstrapper=true}', contextCustomizers = set[org.springframework.boot.test.autoconfigure.actuate.metrics.MetricsExportContextCustomizerFactory$DisableMetricExportContextCustomizer@446894b, org.springframework.boot.test.autoconfigure.properties.PropertyMappingContextCustomizer@0, org.springframework.boot.test.autoconfigure.web.servlet.WebDriverContextCustomizerFactory$Customizer@70327efd, org.springframework.boot.test.context.filter.ExcludeFilterContextCustomizer@6ea3796, org.springframework.boot.test.json.DuplicateJsonObjectContextCustomizerFactory$DuplicateJsonObjectContextCustomizer@45238d37, org.springframework.boot.test.mock.mockito.MockitoContextCustomizer@0, org.springframework.boot.test.web.client.TestRestTemplateContextCustomizer@438155fb, org.springframework.boot.test.context.SpringBootTestArgs@1, org.springframework.boot.test.context.SpringBootTestWebEnvironment@508f45b6], resourceBasePath = 'src/main/webapp', contextLoader = 'org.springframework.boot.test.context.SpringBootContextLoader', parent = [null]], attributes = map['org.springframework.test.context.web.ServletTestExecutionListener.activateListener' -> true]], class annotated with @DirtiesContext [false] with mode [null].
21:50:15.709 [Test worker] DEBUG org.springframework.test.context.support.TestPropertySourceUtils - Adding inlined properties to environment: {spring.jmx.enabled=false, org.springframework.boot.test.context.SpringBootTestContextBootstrapper=true}

  .   ____          _            __ _ _
 /\\ / ___'_ __ _ _(_)_ __  __ _ \ \ \ \
( ( )\___ | '_ | '_| | '_ \/ _` | \ \ \ \
 \\/  ___)| |_)| | | | | || (_| |  ) ) ) )
  '  |____| .__|_| |_|_| |_\__, | / / / /
 =========|_|==============|___/=/_/_/_/
 :: Spring Boot ::                (v2.4.4)

2021-04-06 21:50:16.004  INFO 7472 --- [    Test worker] c.s.h.s.GenderDetectorServiceFactoryTest : Starting GenderDetectorServiceFactoryTest using Java 11.0.5 on DESKTOP-9MEJI3E with PID 7472 (started by uniqa in C:\GIT\portfolio\silenteighthomework)
2021-04-06 21:50:16.008  INFO 7472 --- [    Test worker] c.s.h.s.GenderDetectorServiceFactoryTest : No active profile set, falling back to default profiles: default
2021-04-06 21:50:17.280  INFO 7472 --- [    Test worker] o.s.s.concurrent.ThreadPoolTaskExecutor  : Initializing ExecutorService 'applicationTaskExecutor'
2021-04-06 21:50:17.613  INFO 7472 --- [    Test worker] c.s.h.s.GenderDetectorServiceFactoryTest : Started GenderDetectorServiceFactoryTest in 1.894 seconds (JVM running for 3.257)
2021-04-06 21:50:17.986  INFO 7472 --- [    Test worker] c.s.h.s.AllNamesGenderDetectorService    : Value of genderEvaluator -> 1
2021-04-06 21:50:17.988  INFO 7472 --- [    Test worker] c.s.h.s.AllNamesGenderDetectorService    : Checking by -> AllNamesGenderDetectorService, names to check -> MAGDALENA ZBIGNIEW ADRIANNA
2021-04-06 21:50:18.052  INFO 7472 --- [    Test worker] c.s.h.s.FirstNameGenderDetectorService   : Checking by -> FirstNameGenderDetectorService, name -> ALBERT
2021-04-06 21:50:18.075  INFO 7472 --- [    Test worker] c.s.h.s.FirstNameGenderDetectorService   : Checking by -> FirstNameGenderDetectorService, name -> MAGDALENA
2021-04-06 21:50:18.095  INFO 7472 --- [    Test worker] c.s.h.s.AllNamesGenderDetectorService    : Value of genderEvaluator -> -1
2021-04-06 21:50:18.095  INFO 7472 --- [    Test worker] c.s.h.s.AllNamesGenderDetectorService    : Checking by -> AllNamesGenderDetectorService, names to check -> ALBERT MARIA WOJCIECH
2021-04-06 21:50:18.103  INFO 7472 --- [    Test worker] c.s.h.s.FirstNameGenderDetectorService   : Checking by -> FirstNameGenderDetectorService, name -> NOTNAME
2021-04-06 21:50:18.116  INFO 7472 --- [    Test worker] c.s.h.s.AllNamesGenderDetectorService    : Value of genderEvaluator -> 0
2021-04-06 21:50:18.122  INFO 7472 --- [    Test worker] c.s.h.s.AllNamesGenderDetectorService    : Checking by -> AllNamesGenderDetectorService, names to check -> notName JAN ANNA
]]></system-out>
  <system-err><![CDATA[]]></system-err>
</testsuite>
