<?xml version="1.0" encoding="UTF-8"?>
<testsuite name="com.silenteight.homework.service.NamesDisplayerServiceTest" tests="2" skipped="0" failures="0" errors="0" timestamp="2021-04-06T23:48:03" hostname="DESKTOP-9MEJI3E" time="0.414">
  <properties/>
  <testcase name="shouldReturnTrueAccToPositionOfFemaleName()" classname="com.silenteight.homework.service.NamesDisplayerServiceTest" time="0.399"/>
  <testcase name="shouldReturnTrueAccToPositionOfMaleName()" classname="com.silenteight.homework.service.NamesDisplayerServiceTest" time="0.013"/>
  <system-out><![CDATA[01:48:01.472 [Test worker] DEBUG org.springframework.test.context.BootstrapUtils - Instantiating CacheAwareContextLoaderDelegate from class [org.springframework.test.context.cache.DefaultCacheAwareContextLoaderDelegate]
01:48:01.486 [Test worker] DEBUG org.springframework.test.context.BootstrapUtils - Instantiating BootstrapContext using constructor [public org.springframework.test.context.support.DefaultBootstrapContext(java.lang.Class,org.springframework.test.context.CacheAwareContextLoaderDelegate)]
01:48:01.522 [Test worker] DEBUG org.springframework.test.context.BootstrapUtils - Instantiating TestContextBootstrapper for test class [com.silenteight.homework.service.NamesDisplayerServiceTest] from class [org.springframework.boot.test.context.SpringBootTestContextBootstrapper]
01:48:01.536 [Test worker] INFO org.springframework.boot.test.context.SpringBootTestContextBootstrapper - Neither @ContextConfiguration nor @ContextHierarchy found for test class [com.silenteight.homework.service.NamesDisplayerServiceTest], using SpringBootContextLoader
01:48:01.539 [Test worker] DEBUG org.springframework.test.context.support.AbstractContextLoader - Did not detect default resource location for test class [com.silenteight.homework.service.NamesDisplayerServiceTest]: class path resource [com/silenteight/homework/service/NamesDisplayerServiceTest-context.xml] does not exist
01:48:01.540 [Test worker] DEBUG org.springframework.test.context.support.AbstractContextLoader - Did not detect default resource location for test class [com.silenteight.homework.service.NamesDisplayerServiceTest]: class path resource [com/silenteight/homework/service/NamesDisplayerServiceTestContext.groovy] does not exist
01:48:01.540 [Test worker] INFO org.springframework.test.context.support.AbstractContextLoader - Could not detect default resource locations for test class [com.silenteight.homework.service.NamesDisplayerServiceTest]: no resource found for suffixes {-context.xml, Context.groovy}.
01:48:01.589 [Test worker] DEBUG org.springframework.test.context.support.ActiveProfilesUtils - Could not find an 'annotation declaring class' for annotation type [org.springframework.test.context.ActiveProfiles] and class [com.silenteight.homework.service.NamesDisplayerServiceTest]
01:48:01.714 [Test worker] DEBUG org.springframework.boot.test.context.SpringBootTestContextBootstrapper - @TestExecutionListeners is not present for class [com.silenteight.homework.service.NamesDisplayerServiceTest]: using defaults.
01:48:01.715 [Test worker] INFO org.springframework.boot.test.context.SpringBootTestContextBootstrapper - Loaded default TestExecutionListener class names from location [META-INF/spring.factories]: [org.springframework.boot.test.autoconfigure.restdocs.RestDocsTestExecutionListener, org.springframework.boot.test.autoconfigure.web.client.MockRestServiceServerResetTestExecutionListener, org.springframework.boot.test.autoconfigure.web.servlet.MockMvcPrintOnlyOnFailureTestExecutionListener, org.springframework.boot.test.autoconfigure.web.servlet.WebDriverTestExecutionListener, org.springframework.boot.test.autoconfigure.webservices.client.MockWebServiceServerTestExecutionListener, org.springframework.boot.test.mock.mockito.MockitoTestExecutionListener, org.springframework.boot.test.mock.mockito.ResetMocksTestExecutionListener, org.springframework.test.context.web.ServletTestExecutionListener, org.springframework.test.context.support.DirtiesContextBeforeModesTestExecutionListener, org.springframework.test.context.event.ApplicationEventsTestExecutionListener, org.springframework.test.context.support.DependencyInjectionTestExecutionListener, org.springframework.test.context.support.DirtiesContextTestExecutionListener, org.springframework.test.context.transaction.TransactionalTestExecutionListener, org.springframework.test.context.jdbc.SqlScriptsTestExecutionListener, org.springframework.test.context.event.EventPublishingTestExecutionListener]
01:48:01.727 [Test worker] DEBUG org.springframework.boot.test.context.SpringBootTestContextBootstrapper - Skipping candidate TestExecutionListener [org.springframework.test.context.transaction.TransactionalTestExecutionListener] due to a missing dependency. Specify custom listener classes or make the default listener classes and their required dependencies available. Offending class: [org/springframework/transaction/interceptor/TransactionAttributeSource]
01:48:01.728 [Test worker] DEBUG org.springframework.boot.test.context.SpringBootTestContextBootstrapper - Skipping candidate TestExecutionListener [org.springframework.test.context.jdbc.SqlScriptsTestExecutionListener] due to a missing dependency. Specify custom listener classes or make the default listener classes and their required dependencies available. Offending class: [org/springframework/transaction/interceptor/TransactionAttribute]
01:48:01.729 [Test worker] INFO org.springframework.boot.test.context.SpringBootTestContextBootstrapper - Using TestExecutionListeners: [org.springframework.test.context.web.ServletTestExecutionListener@22fbddc, org.springframework.test.context.support.DirtiesContextBeforeModesTestExecutionListener@71e70121, org.springframework.test.context.event.ApplicationEventsTestExecutionListener@20a76bad, org.springframework.boot.test.mock.mockito.MockitoTestExecutionListener@622315bd, org.springframework.boot.test.autoconfigure.SpringBootDependencyInjectionTestExecutionListener@1d1d9578, org.springframework.test.context.support.DirtiesContextTestExecutionListener@54ba71f3, org.springframework.test.context.event.EventPublishingTestExecutionListener@4f5b82ca, org.springframework.boot.test.autoconfigure.restdocs.RestDocsTestExecutionListener@352ff861, org.springframework.boot.test.autoconfigure.web.client.MockRestServiceServerResetTestExecutionListener@44680de9, org.springframework.boot.test.autoconfigure.web.servlet.MockMvcPrintOnlyOnFailureTestExecutionListener@43dad97e, org.springframework.boot.test.autoconfigure.web.servlet.WebDriverTestExecutionListener@50045e1d, org.springframework.boot.test.autoconfigure.webservices.client.MockWebServiceServerTestExecutionListener@1a22488c, org.springframework.boot.test.mock.mockito.ResetMocksTestExecutionListener@1e211964]
01:48:01.733 [Test worker] DEBUG org.springframework.test.context.support.AbstractDirtiesContextTestExecutionListener - Before test class: context [DefaultTestContext@74c2c2fa testClass = NamesDisplayerServiceTest, testInstance = [null], testMethod = [null], testException = [null], mergedContextConfiguration = [WebMergedContextConfiguration@6494f73f testClass = NamesDisplayerServiceTest, locations = '{}', classes = '{class com.silenteight.homework.HomeworkApplication}', contextInitializerClasses = '[]', activeProfiles = '{}', propertySourceLocations = '{}', propertySourceProperties = '{org.springframework.boot.test.context.SpringBootTestContextBootstrapper=true}', contextCustomizers = set[org.springframework.boot.test.autoconfigure.actuate.metrics.MetricsExportContextCustomizerFactory$DisableMetricExportContextCustomizer@7015306d, org.springframework.boot.test.autoconfigure.properties.PropertyMappingContextCustomizer@0, org.springframework.boot.test.autoconfigure.web.servlet.WebDriverContextCustomizerFactory$Customizer@6519e7a, org.springframework.boot.test.context.filter.ExcludeFilterContextCustomizer@7bfe136f, org.springframework.boot.test.json.DuplicateJsonObjectContextCustomizerFactory$DuplicateJsonObjectContextCustomizer@142ff4ff, org.springframework.boot.test.mock.mockito.MockitoContextCustomizer@0, org.springframework.boot.test.web.client.TestRestTemplateContextCustomizer@1554f17b, org.springframework.boot.test.context.SpringBootTestArgs@1, org.springframework.boot.test.context.SpringBootTestWebEnvironment@264dc4c9], resourceBasePath = 'src/main/webapp', contextLoader = 'org.springframework.boot.test.context.SpringBootContextLoader', parent = [null]], attributes = map['org.springframework.test.context.web.ServletTestExecutionListener.activateListener' -> true]], class annotated with @DirtiesContext [false] with mode [null].
01:48:01.771 [Test worker] DEBUG org.springframework.test.context.support.TestPropertySourceUtils - Adding inlined properties to environment: {spring.jmx.enabled=false, org.springframework.boot.test.context.SpringBootTestContextBootstrapper=true}

  .   ____          _            __ _ _
 /\\ / ___'_ __ _ _(_)_ __  __ _ \ \ \ \
( ( )\___ | '_ | '_| | '_ \/ _` | \ \ \ \
 \\/  ___)| |_)| | | | | || (_| |  ) ) ) )
  '  |____| .__|_| |_|_| |_\__, | / / / /
 =========|_|==============|___/=/_/_/_/
 :: Spring Boot ::                (v2.4.4)

2021-04-07 01:48:02.063  INFO 1628 --- [    Test worker] c.s.h.service.NamesDisplayerServiceTest  : Starting NamesDisplayerServiceTest using Java 11.0.5 on DESKTOP-9MEJI3E with PID 1628 (started by uniqa in C:\GIT\portfolio\silenteighthomework)
2021-04-07 01:48:02.065  INFO 1628 --- [    Test worker] c.s.h.service.NamesDisplayerServiceTest  : No active profile set, falling back to default profiles: default
2021-04-07 01:48:03.320  INFO 1628 --- [    Test worker] o.s.s.concurrent.ThreadPoolTaskExecutor  : Initializing ExecutorService 'applicationTaskExecutor'
2021-04-07 01:48:03.665  INFO 1628 --- [    Test worker] c.s.h.service.NamesDisplayerServiceTest  : Started NamesDisplayerServiceTest in 1.886 seconds (JVM running for 3.166)
2021-04-07 01:48:04.069  INFO 1628 --- [    Test worker] c.s.h.service.NamesDisplayerServiceTest  : First female name -> ANNA
2021-04-07 01:48:04.103  INFO 1628 --- [    Test worker] c.s.h.service.NamesDisplayerServiceTest  : First male name -> JAN
]]></system-out>
  <system-err><![CDATA[]]></system-err>
</testsuite>
