<?xml version="1.0" encoding="UTF-8"?>
<testsuite name="com.silenteight.homework.service.AllNamesGenderDetectorServiceTest" tests="3" skipped="0" failures="0" errors="0" timestamp="2021-04-07T17:18:21" hostname="DESKTOP-9MEJI3E" time="0.121">
  <properties/>
  <testcase name="shouldReturnMaleByAllNamesGenderDetector()" classname="com.silenteight.homework.service.AllNamesGenderDetectorServiceTest" time="0.089"/>
  <testcase name="shouldReturnFemaleByAllNamesGenderDetector()" classname="com.silenteight.homework.service.AllNamesGenderDetectorServiceTest" time="0.011"/>
  <testcase name="shouldReturnInconclusive()" classname="com.silenteight.homework.service.AllNamesGenderDetectorServiceTest" time="0.019"/>
  <system-out><![CDATA[2021-04-07 19:18:21.579  INFO 10824 --- [    Test worker] .b.t.c.SpringBootTestContextBootstrapper : Neither @ContextConfiguration nor @ContextHierarchy found for test class [com.silenteight.homework.service.AllNamesGenderDetectorServiceTest], using SpringBootContextLoader
2021-04-07 19:18:21.581  INFO 10824 --- [    Test worker] o.s.t.c.support.AbstractContextLoader    : Could not detect default resource locations for test class [com.silenteight.homework.service.AllNamesGenderDetectorServiceTest]: no resource found for suffixes {-context.xml, Context.groovy}.
2021-04-07 19:18:21.588  INFO 10824 --- [    Test worker] .b.t.c.SpringBootTestContextBootstrapper : Loaded default TestExecutionListener class names from location [META-INF/spring.factories]: [org.springframework.boot.test.autoconfigure.restdocs.RestDocsTestExecutionListener, org.springframework.boot.test.autoconfigure.web.client.MockRestServiceServerResetTestExecutionListener, org.springframework.boot.test.autoconfigure.web.servlet.MockMvcPrintOnlyOnFailureTestExecutionListener, org.springframework.boot.test.autoconfigure.web.servlet.WebDriverTestExecutionListener, org.springframework.boot.test.autoconfigure.webservices.client.MockWebServiceServerTestExecutionListener, org.springframework.boot.test.mock.mockito.MockitoTestExecutionListener, org.springframework.boot.test.mock.mockito.ResetMocksTestExecutionListener, org.springframework.test.context.web.ServletTestExecutionListener, org.springframework.test.context.support.DirtiesContextBeforeModesTestExecutionListener, org.springframework.test.context.event.ApplicationEventsTestExecutionListener, org.springframework.test.context.support.DependencyInjectionTestExecutionListener, org.springframework.test.context.support.DirtiesContextTestExecutionListener, org.springframework.test.context.transaction.TransactionalTestExecutionListener, org.springframework.test.context.jdbc.SqlScriptsTestExecutionListener, org.springframework.test.context.event.EventPublishingTestExecutionListener]
2021-04-07 19:18:21.589  INFO 10824 --- [    Test worker] .b.t.c.SpringBootTestContextBootstrapper : Using TestExecutionListeners: [org.springframework.test.context.web.ServletTestExecutionListener@4b68c2ad, org.springframework.test.context.support.DirtiesContextBeforeModesTestExecutionListener@11793291, org.springframework.test.context.event.ApplicationEventsTestExecutionListener@2848553d, org.springframework.boot.test.mock.mockito.MockitoTestExecutionListener@3488dc61, org.springframework.boot.test.autoconfigure.SpringBootDependencyInjectionTestExecutionListener@39780df7, org.springframework.test.context.support.DirtiesContextTestExecutionListener@614d4df3, org.springframework.test.context.event.EventPublishingTestExecutionListener@b461d5a, org.springframework.boot.test.autoconfigure.restdocs.RestDocsTestExecutionListener@795fb387, org.springframework.boot.test.autoconfigure.web.client.MockRestServiceServerResetTestExecutionListener@310eee, org.springframework.boot.test.autoconfigure.web.servlet.MockMvcPrintOnlyOnFailureTestExecutionListener@b18e9ce, org.springframework.boot.test.autoconfigure.web.servlet.WebDriverTestExecutionListener@300f993a, org.springframework.boot.test.autoconfigure.webservices.client.MockWebServiceServerTestExecutionListener@34c8d737, org.springframework.boot.test.mock.mockito.ResetMocksTestExecutionListener@3c86e93e]
2021-04-07 19:18:21.677  INFO 10824 --- [    Test worker] c.s.h.s.AllNamesGenderDetectorService    : Value of genderEvaluator -> -1
2021-04-07 19:18:21.679  INFO 10824 --- [    Test worker] c.s.h.s.AllNamesGenderDetectorService    : Checking by -> AllNamesGenderDetectorService, names to check -> ANNA MARIA ZBIGNIEW KAROL WOJCIECH
2021-04-07 19:18:21.692  INFO 10824 --- [    Test worker] c.s.h.s.AllNamesGenderDetectorService    : Value of genderEvaluator -> 1
2021-04-07 19:18:21.692  INFO 10824 --- [    Test worker] c.s.h.s.AllNamesGenderDetectorService    : Checking by -> AllNamesGenderDetectorService, names to check -> ADAM MARIA ANNA
2021-04-07 19:18:21.712  INFO 10824 --- [    Test worker] c.s.h.s.AllNamesGenderDetectorService    : Value of genderEvaluator -> 0
2021-04-07 19:18:21.713  INFO 10824 --- [    Test worker] c.s.h.s.AllNamesGenderDetectorService    : Checking by -> AllNamesGenderDetectorService, names to check -> notName
]]></system-out>
  <system-err><![CDATA[]]></system-err>
</testsuite>
