<?xml version="1.0" encoding="UTF-8"?>
<testsuite name="com.silenteight.homework.repository.NamesFromFilesRepositoryTest" tests="6" skipped="0" failures="0" errors="0" timestamp="2021-04-07T17:18:21" hostname="DESKTOP-9MEJI3E" time="0.15">
  <properties/>
  <testcase name="gettingAllFemaleNamesFromFileShouldNotBeNull()" classname="com.silenteight.homework.repository.NamesFromFilesRepositoryTest" time="0.071"/>
  <testcase name="fileWithMaleNamesShouldExist()" classname="com.silenteight.homework.repository.NamesFromFilesRepositoryTest" time="0.008"/>
  <testcase name="gettingAllMaleNamesFromFileShouldNotBeNull()" classname="com.silenteight.homework.repository.NamesFromFilesRepositoryTest" time="0.029"/>
  <testcase name="nameShouldBeFoundInFemaleNamesFile()" classname="com.silenteight.homework.repository.NamesFromFilesRepositoryTest" time="0.007"/>
  <testcase name="nameShouldBeFoundInMaleNamesFile()" classname="com.silenteight.homework.repository.NamesFromFilesRepositoryTest" time="0.008"/>
  <testcase name="fileWithFemaleNamesShouldExist()" classname="com.silenteight.homework.repository.NamesFromFilesRepositoryTest" time="0.016"/>
  <system-out><![CDATA[2021-04-07 19:18:21.403  INFO 10824 --- [    Test worker] .b.t.c.SpringBootTestContextBootstrapper : Neither @ContextConfiguration nor @ContextHierarchy found for test class [com.silenteight.homework.repository.NamesFromFilesRepositoryTest], using SpringBootContextLoader
2021-04-07 19:18:21.405  INFO 10824 --- [    Test worker] o.s.t.c.support.AbstractContextLoader    : Could not detect default resource locations for test class [com.silenteight.homework.repository.NamesFromFilesRepositoryTest]: no resource found for suffixes {-context.xml, Context.groovy}.
2021-04-07 19:18:21.411  INFO 10824 --- [    Test worker] .b.t.c.SpringBootTestContextBootstrapper : Loaded default TestExecutionListener class names from location [META-INF/spring.factories]: [org.springframework.boot.test.autoconfigure.restdocs.RestDocsTestExecutionListener, org.springframework.boot.test.autoconfigure.web.client.MockRestServiceServerResetTestExecutionListener, org.springframework.boot.test.autoconfigure.web.servlet.MockMvcPrintOnlyOnFailureTestExecutionListener, org.springframework.boot.test.autoconfigure.web.servlet.WebDriverTestExecutionListener, org.springframework.boot.test.autoconfigure.webservices.client.MockWebServiceServerTestExecutionListener, org.springframework.boot.test.mock.mockito.MockitoTestExecutionListener, org.springframework.boot.test.mock.mockito.ResetMocksTestExecutionListener, org.springframework.test.context.web.ServletTestExecutionListener, org.springframework.test.context.support.DirtiesContextBeforeModesTestExecutionListener, org.springframework.test.context.event.ApplicationEventsTestExecutionListener, org.springframework.test.context.support.DependencyInjectionTestExecutionListener, org.springframework.test.context.support.DirtiesContextTestExecutionListener, org.springframework.test.context.transaction.TransactionalTestExecutionListener, org.springframework.test.context.jdbc.SqlScriptsTestExecutionListener, org.springframework.test.context.event.EventPublishingTestExecutionListener]
2021-04-07 19:18:21.413  INFO 10824 --- [    Test worker] .b.t.c.SpringBootTestContextBootstrapper : Using TestExecutionListeners: [org.springframework.test.context.web.ServletTestExecutionListener@59ba188f, org.springframework.test.context.support.DirtiesContextBeforeModesTestExecutionListener@616eb34a, org.springframework.test.context.event.ApplicationEventsTestExecutionListener@7fba75e7, org.springframework.boot.test.mock.mockito.MockitoTestExecutionListener@1e7b37d9, org.springframework.boot.test.autoconfigure.SpringBootDependencyInjectionTestExecutionListener@170c3af9, org.springframework.test.context.support.DirtiesContextTestExecutionListener@36c3fb1, org.springframework.test.context.event.EventPublishingTestExecutionListener@2f556776, org.springframework.boot.test.autoconfigure.restdocs.RestDocsTestExecutionListener@68d758ba, org.springframework.boot.test.autoconfigure.web.client.MockRestServiceServerResetTestExecutionListener@1efa7cab, org.springframework.boot.test.autoconfigure.web.servlet.MockMvcPrintOnlyOnFailureTestExecutionListener@7c094972, org.springframework.boot.test.autoconfigure.web.servlet.WebDriverTestExecutionListener@78e3ef52, org.springframework.boot.test.autoconfigure.webservices.client.MockWebServiceServerTestExecutionListener@2a237a7c, org.springframework.boot.test.mock.mockito.ResetMocksTestExecutionListener@677154b7]
]]></system-out>
  <system-err><![CDATA[]]></system-err>
</testsuite>
