<?xml version="1.0" encoding="UTF-8"?>
<testsuite name="com.silenteight.homework.service.FirstNameGenderDetectorServiceTest" tests="3" skipped="0" failures="0" errors="0" timestamp="2021-04-07T17:18:21" hostname="DESKTOP-9MEJI3E" time="0.02">
  <properties/>
  <testcase name="shouldReturnMaleByFirstNameGenderDetector()" classname="com.silenteight.homework.service.FirstNameGenderDetectorServiceTest" time="0.006"/>
  <testcase name="shouldReturnFemaleByFirstNameGenderDetector()" classname="com.silenteight.homework.service.FirstNameGenderDetectorServiceTest" time="0.005"/>
  <testcase name="shouldReturnInconclusiveByFirstNameGenderDetector()" classname="com.silenteight.homework.service.FirstNameGenderDetectorServiceTest" time="0.007"/>
  <system-out><![CDATA[2021-04-07 19:18:21.717  INFO 10824 --- [    Test worker] .b.t.c.SpringBootTestContextBootstrapper : Neither @ContextConfiguration nor @ContextHierarchy found for test class [com.silenteight.homework.service.FirstNameGenderDetectorServiceTest], using SpringBootContextLoader
2021-04-07 19:18:21.718  INFO 10824 --- [    Test worker] o.s.t.c.support.AbstractContextLoader    : Could not detect default resource locations for test class [com.silenteight.homework.service.FirstNameGenderDetectorServiceTest]: no resource found for suffixes {-context.xml, Context.groovy}.
2021-04-07 19:18:21.721  INFO 10824 --- [    Test worker] .b.t.c.SpringBootTestContextBootstrapper : Loaded default TestExecutionListener class names from location [META-INF/spring.factories]: [org.springframework.boot.test.autoconfigure.restdocs.RestDocsTestExecutionListener, org.springframework.boot.test.autoconfigure.web.client.MockRestServiceServerResetTestExecutionListener, org.springframework.boot.test.autoconfigure.web.servlet.MockMvcPrintOnlyOnFailureTestExecutionListener, org.springframework.boot.test.autoconfigure.web.servlet.WebDriverTestExecutionListener, org.springframework.boot.test.autoconfigure.webservices.client.MockWebServiceServerTestExecutionListener, org.springframework.boot.test.mock.mockito.MockitoTestExecutionListener, org.springframework.boot.test.mock.mockito.ResetMocksTestExecutionListener, org.springframework.test.context.web.ServletTestExecutionListener, org.springframework.test.context.support.DirtiesContextBeforeModesTestExecutionListener, org.springframework.test.context.event.ApplicationEventsTestExecutionListener, org.springframework.test.context.support.DependencyInjectionTestExecutionListener, org.springframework.test.context.support.DirtiesContextTestExecutionListener, org.springframework.test.context.transaction.TransactionalTestExecutionListener, org.springframework.test.context.jdbc.SqlScriptsTestExecutionListener, org.springframework.test.context.event.EventPublishingTestExecutionListener]
2021-04-07 19:18:21.723  INFO 10824 --- [    Test worker] .b.t.c.SpringBootTestContextBootstrapper : Using TestExecutionListeners: [org.springframework.test.context.web.ServletTestExecutionListener@6282c423, org.springframework.test.context.support.DirtiesContextBeforeModesTestExecutionListener@110dcaf4, org.springframework.test.context.event.ApplicationEventsTestExecutionListener@a1dd0f2, org.springframework.boot.test.mock.mockito.MockitoTestExecutionListener@6e113ce3, org.springframework.boot.test.autoconfigure.SpringBootDependencyInjectionTestExecutionListener@1ac64ede, org.springframework.test.context.support.DirtiesContextTestExecutionListener@65e37d18, org.springframework.test.context.event.EventPublishingTestExecutionListener@19dab16, org.springframework.boot.test.autoconfigure.restdocs.RestDocsTestExecutionListener@668c69e2, org.springframework.boot.test.autoconfigure.web.client.MockRestServiceServerResetTestExecutionListener@4e146b53, org.springframework.boot.test.autoconfigure.web.servlet.MockMvcPrintOnlyOnFailureTestExecutionListener@3061d434, org.springframework.boot.test.autoconfigure.web.servlet.WebDriverTestExecutionListener@5cc80c35, org.springframework.boot.test.autoconfigure.webservices.client.MockWebServiceServerTestExecutionListener@590ebd37, org.springframework.boot.test.mock.mockito.ResetMocksTestExecutionListener@34ad0bb6]
2021-04-07 19:18:21.730  INFO 10824 --- [    Test worker] c.s.h.s.FirstNameGenderDetectorService   : Checking by -> FirstNameGenderDetectorService, name -> ADAM
2021-04-07 19:18:21.737  INFO 10824 --- [    Test worker] c.s.h.s.FirstNameGenderDetectorService   : Checking by -> FirstNameGenderDetectorService, name -> MARIA
2021-04-07 19:18:21.744  INFO 10824 --- [    Test worker] c.s.h.s.FirstNameGenderDetectorService   : Checking by -> FirstNameGenderDetectorService, name -> notName
]]></system-out>
  <system-err><![CDATA[]]></system-err>
</testsuite>
