<?xml version="1.0" encoding="UTF-8"?>
<testsuite name="com.silenteight.homework.service.NamesDisplayerServiceTest" tests="2" skipped="0" failures="0" errors="0" timestamp="2021-04-06T22:05:53" hostname="DESKTOP-9MEJI3E" time="0.398">
  <properties/>
  <testcase name="shouldReturnTrueAccToPositionOfFemaleName()" classname="com.silenteight.homework.service.NamesDisplayerServiceTest" time="0.385"/>
  <testcase name="shouldReturnTrueAccToPositionOfMaleName()" classname="com.silenteight.homework.service.NamesDisplayerServiceTest" time="0.011"/>
  <system-out><![CDATA[00:05:50.801 [Test worker] DEBUG org.springframework.test.context.BootstrapUtils - Instantiating CacheAwareContextLoaderDelegate from class [org.springframework.test.context.cache.DefaultCacheAwareContextLoaderDelegate]
00:05:50.815 [Test worker] DEBUG org.springframework.test.context.BootstrapUtils - Instantiating BootstrapContext using constructor [public org.springframework.test.context.support.DefaultBootstrapContext(java.lang.Class,org.springframework.test.context.CacheAwareContextLoaderDelegate)]
00:05:50.854 [Test worker] DEBUG org.springframework.test.context.BootstrapUtils - Instantiating TestContextBootstrapper for test class [com.silenteight.homework.service.NamesDisplayerServiceTest] from class [org.springframework.boot.test.context.SpringBootTestContextBootstrapper]
00:05:50.867 [Test worker] INFO org.springframework.boot.test.context.SpringBootTestContextBootstrapper - Neither @ContextConfiguration nor @ContextHierarchy found for test class [com.silenteight.homework.service.NamesDisplayerServiceTest], using SpringBootContextLoader
00:05:50.870 [Test worker] DEBUG org.springframework.test.context.support.AbstractContextLoader - Did not detect default resource location for test class [com.silenteight.homework.service.NamesDisplayerServiceTest]: class path resource [com/silenteight/homework/service/NamesDisplayerServiceTest-context.xml] does not exist
00:05:50.870 [Test worker] DEBUG org.springframework.test.context.support.AbstractContextLoader - Did not detect default resource location for test class [com.silenteight.homework.service.NamesDisplayerServiceTest]: class path resource [com/silenteight/homework/service/NamesDisplayerServiceTestContext.groovy] does not exist
00:05:50.871 [Test worker] INFO org.springframework.test.context.support.AbstractContextLoader - Could not detect default resource locations for test class [com.silenteight.homework.service.NamesDisplayerServiceTest]: no resource found for suffixes {-context.xml, Context.groovy}.
00:05:50.916 [Test worker] DEBUG org.springframework.test.context.support.ActiveProfilesUtils - Could not find an 'annotation declaring class' for annotation type [org.springframework.test.context.ActiveProfiles] and class [com.silenteight.homework.service.NamesDisplayerServiceTest]
00:05:51.059 [Test worker] DEBUG org.springframework.boot.test.context.SpringBootTestContextBootstrapper - @TestExecutionListeners is not present for class [com.silenteight.homework.service.NamesDisplayerServiceTest]: using defaults.
00:05:51.059 [Test worker] INFO org.springframework.boot.test.context.SpringBootTestContextBootstrapper - Loaded default TestExecutionListener class names from location [META-INF/spring.factories]: [org.springframework.boot.test.autoconfigure.restdocs.RestDocsTestExecutionListener, org.springframework.boot.test.autoconfigure.web.client.MockRestServiceServerResetTestExecutionListener, org.springframework.boot.test.autoconfigure.web.servlet.MockMvcPrintOnlyOnFailureTestExecutionListener, org.springframework.boot.test.autoconfigure.web.servlet.WebDriverTestExecutionListener, org.springframework.boot.test.autoconfigure.webservices.client.MockWebServiceServerTestExecutionListener, org.springframework.boot.test.mock.mockito.MockitoTestExecutionListener, org.springframework.boot.test.mock.mockito.ResetMocksTestExecutionListener, org.springframework.test.context.web.ServletTestExecutionListener, org.springframework.test.context.support.DirtiesContextBeforeModesTestExecutionListener, org.springframework.test.context.event.ApplicationEventsTestExecutionListener, org.springframework.test.context.support.DependencyInjectionTestExecutionListener, org.springframework.test.context.support.DirtiesContextTestExecutionListener, org.springframework.test.context.transaction.TransactionalTestExecutionListener, org.springframework.test.context.jdbc.SqlScriptsTestExecutionListener, org.springframework.test.context.event.EventPublishingTestExecutionListener]
00:05:51.072 [Test worker] DEBUG org.springframework.boot.test.context.SpringBootTestContextBootstrapper - Skipping candidate TestExecutionListener [org.springframework.test.context.transaction.TransactionalTestExecutionListener] due to a missing dependency. Specify custom listener classes or make the default listener classes and their required dependencies available. Offending class: [org/springframework/transaction/TransactionDefinition]
00:05:51.072 [Test worker] DEBUG org.springframework.boot.test.context.SpringBootTestContextBootstrapper - Skipping candidate TestExecutionListener [org.springframework.test.context.jdbc.SqlScriptsTestExecutionListener] due to a missing dependency. Specify custom listener classes or make the default listener classes and their required dependencies available. Offending class: [org/springframework/transaction/interceptor/TransactionAttribute]
00:05:51.073 [Test worker] INFO org.springframework.boot.test.context.SpringBootTestContextBootstrapper - Using TestExecutionListeners: [org.springframework.test.context.web.ServletTestExecutionListener@1d1d9578, org.springframework.test.context.support.DirtiesContextBeforeModesTestExecutionListener@54ba71f3, org.springframework.test.context.event.ApplicationEventsTestExecutionListener@4f5b82ca, org.springframework.boot.test.mock.mockito.MockitoTestExecutionListener@352ff861, org.springframework.boot.test.autoconfigure.SpringBootDependencyInjectionTestExecutionListener@44680de9, org.springframework.test.context.support.DirtiesContextTestExecutionListener@43dad97e, org.springframework.test.context.event.EventPublishingTestExecutionListener@50045e1d, org.springframework.boot.test.autoconfigure.restdocs.RestDocsTestExecutionListener@1a22488c, org.springframework.boot.test.autoconfigure.web.client.MockRestServiceServerResetTestExecutionListener@1e211964, org.springframework.boot.test.autoconfigure.web.servlet.MockMvcPrintOnlyOnFailureTestExecutionListener@b2532f7, org.springframework.boot.test.autoconfigure.web.servlet.WebDriverTestExecutionListener@79a36138, org.springframework.boot.test.autoconfigure.webservices.client.MockWebServiceServerTestExecutionListener@714d30a8, org.springframework.boot.test.mock.mockito.ResetMocksTestExecutionListener@6731eddc]
00:05:51.078 [Test worker] DEBUG org.springframework.test.context.support.AbstractDirtiesContextTestExecutionListener - Before test class: context [DefaultTestContext@45aa3fec testClass = NamesDisplayerServiceTest, testInstance = [null], testMethod = [null], testException = [null], mergedContextConfiguration = [WebMergedContextConfiguration@6c41569 testClass = NamesDisplayerServiceTest, locations = '{}', classes = '{class com.silenteight.homework.HomeworkApplication}', contextInitializerClasses = '[]', activeProfiles = '{}', propertySourceLocations = '{}', propertySourceProperties = '{org.springframework.boot.test.context.SpringBootTestContextBootstrapper=true}', contextCustomizers = set[org.springframework.boot.test.autoconfigure.actuate.metrics.MetricsExportContextCustomizerFactory$DisableMetricExportContextCustomizer@b2da635, org.springframework.boot.test.autoconfigure.properties.PropertyMappingContextCustomizer@0, org.springframework.boot.test.autoconfigure.web.servlet.WebDriverContextCustomizerFactory$Customizer@33c95c11, org.springframework.boot.test.context.filter.ExcludeFilterContextCustomizer@1fc1f87e, org.springframework.boot.test.json.DuplicateJsonObjectContextCustomizerFactory$DuplicateJsonObjectContextCustomizer@2dfc7795, org.springframework.boot.test.mock.mockito.MockitoContextCustomizer@0, org.springframework.boot.test.web.client.TestRestTemplateContextCustomizer@75b54142, org.springframework.boot.test.context.SpringBootTestArgs@1, org.springframework.boot.test.context.SpringBootTestWebEnvironment@264dc4c9], resourceBasePath = 'src/main/webapp', contextLoader = 'org.springframework.boot.test.context.SpringBootContextLoader', parent = [null]], attributes = map['org.springframework.test.context.web.ServletTestExecutionListener.activateListener' -> true]], class annotated with @DirtiesContext [false] with mode [null].
00:05:51.118 [Test worker] DEBUG org.springframework.test.context.support.TestPropertySourceUtils - Adding inlined properties to environment: {spring.jmx.enabled=false, org.springframework.boot.test.context.SpringBootTestContextBootstrapper=true}

  .   ____          _            __ _ _
 /\\ / ___'_ __ _ _(_)_ __  __ _ \ \ \ \
( ( )\___ | '_ | '_| | '_ \/ _` | \ \ \ \
 \\/  ___)| |_)| | | | | || (_| |  ) ) ) )
  '  |____| .__|_| |_|_| |_\__, | / / / /
 =========|_|==============|___/=/_/_/_/
 :: Spring Boot ::                (v2.4.4)

2021-04-07 00:05:51.425  INFO 1428 --- [    Test worker] c.s.h.service.NamesDisplayerServiceTest  : Starting NamesDisplayerServiceTest using Java 11.0.5 on DESKTOP-9MEJI3E with PID 1428 (started by uniqa in C:\GIT\portfolio\silenteighthomework)
2021-04-07 00:05:51.429  INFO 1428 --- [    Test worker] c.s.h.service.NamesDisplayerServiceTest  : No active profile set, falling back to default profiles: default
2021-04-07 00:05:52.753  INFO 1428 --- [    Test worker] o.s.s.concurrent.ThreadPoolTaskExecutor  : Initializing ExecutorService 'applicationTaskExecutor'
2021-04-07 00:05:53.088  INFO 1428 --- [    Test worker] c.s.h.service.NamesDisplayerServiceTest  : Started NamesDisplayerServiceTest in 1.959 seconds (JVM running for 3.276)
2021-04-07 00:05:53.485  INFO 1428 --- [    Test worker] c.s.h.service.NamesDisplayerServiceTest  : First female name -> ANNA
2021-04-07 00:05:53.512  INFO 1428 --- [    Test worker] c.s.h.service.NamesDisplayerServiceTest  : First male name -> JAN
]]></system-out>
  <system-err><![CDATA[]]></system-err>
</testsuite>
